[06-23 18:26:15]: [INFO] Created column 'regdate' and set the current timestamp, 1750703175898, to all 0 rows
[06-23 18:26:16]: [INFO] SQLite Setup finished
[06-23 18:26:16]: [INFO] Hooked into LuckPerms!
[06-23 18:26:16]: [INFO] Hooked successfully into Essentials
[06-23 18:26:16]: [INFO] AuthMe 5.6.0 build n.CUSTOM successfully enabled!
[06-23 18:26:17]: [INFO] Downloading GEO IP database, because the old database is older than 30 days or doesn't exist
[06-23 18:26:17]: [WARN] No MaxMind credentials found in the configuration file! GeoIp protections will be disabled.
[06-23 18:26:17]: [INFO] There is no newer GEO IP database uploaded to MaxMind. Using the old one for now.
[06-23 18:26:17]: [WARN] Could not download GeoLiteAPI database [FileNotFoundException]: plugins/AuthMe/GeoLite2-Country.mmdb (No such file or directory)
[06-23 18:26:17]: java.io.FileNotFoundException: plugins/AuthMe/GeoLite2-Country.mmdb (No such file or directory)
	at java.base/java.io.RandomAccessFile.open0(Native Method)
	at java.base/java.io.RandomAccessFile.open(RandomAccessFile.java:344)
	at java.base/java.io.RandomAccessFile.<init>(RandomAccessFile.java:259)
	at java.base/java.io.RandomAccessFile.<init>(RandomAccessFile.java:213)
	at fr.xephi.authme.libs.com.maxmind.db.BufferHolder.<init>(BufferHolder.java:20)
	at fr.xephi.authme.libs.com.maxmind.db.Reader.<init>(Reader.java:121)
	at fr.xephi.authme.service.GeoIpService.startReading(GeoIpService.java:179)
	at fr.xephi.authme.service.GeoIpService.updateDatabase(GeoIpService.java:150)
	at org.bukkit.craftbukkit.v1_12_R1.scheduler.CraftTask.run(CraftTask.java:64)
	at org.bukkit.craftbukkit.v1_12_R1.scheduler.CraftAsyncTask.run(CraftAsyncTask.java:52)
	at com.destroystokyo.paper.ServerSchedulerReportingWrapper.run(ServerSchedulerReportingWrapper.java:22)
	at java.base/java.util.concurrent.ThreadPoolExecutor.runWorker(ThreadPoolExecutor.java:1136)
	at java.base/java.util.concurrent.ThreadPoolExecutor$Worker.run(ThreadPoolExecutor.java:635)
	at java.base/java.lang.Thread.run(Thread.java:840)

[06-23 18:28:44]: [INFO] AuthMe 5.6.0-bCUSTOM disabled!
[06-23 18:29:38]: [INFO] SQLite Setup finished
[06-23 18:29:39]: [INFO] Hooked into LuckPerms!
[06-23 18:29:39]: [INFO] Hooked successfully into Essentials
[06-23 18:29:39]: [INFO] AuthMe 5.6.0 build n.CUSTOM successfully enabled!
[06-23 18:29:40]: [INFO] Downloading GEO IP database, because the old database is older than 30 days or doesn't exist
[06-23 18:29:40]: [WARN] No MaxMind credentials found in the configuration file! GeoIp protections will be disabled.
[06-23 18:29:40]: [INFO] There is no newer GEO IP database uploaded to MaxMind. Using the old one for now.
[06-23 18:29:40]: [WARN] Could not download GeoLiteAPI database [FileNotFoundException]: plugins/AuthMe/GeoLite2-Country.mmdb (No such file or directory)
[06-23 18:29:40]: java.io.FileNotFoundException: plugins/AuthMe/GeoLite2-Country.mmdb (No such file or directory)
	at java.base/java.io.RandomAccessFile.open0(Native Method)
	at java.base/java.io.RandomAccessFile.open(RandomAccessFile.java:344)
	at java.base/java.io.RandomAccessFile.<init>(RandomAccessFile.java:259)
	at java.base/java.io.RandomAccessFile.<init>(RandomAccessFile.java:213)
	at fr.xephi.authme.libs.com.maxmind.db.BufferHolder.<init>(BufferHolder.java:20)
	at fr.xephi.authme.libs.com.maxmind.db.Reader.<init>(Reader.java:121)
	at fr.xephi.authme.service.GeoIpService.startReading(GeoIpService.java:179)
	at fr.xephi.authme.service.GeoIpService.updateDatabase(GeoIpService.java:150)
	at org.bukkit.craftbukkit.v1_12_R1.scheduler.CraftTask.run(CraftTask.java:64)
	at org.bukkit.craftbukkit.v1_12_R1.scheduler.CraftAsyncTask.run(CraftAsyncTask.java:52)
	at com.destroystokyo.paper.ServerSchedulerReportingWrapper.run(ServerSchedulerReportingWrapper.java:22)
	at java.base/java.util.concurrent.ThreadPoolExecutor.runWorker(ThreadPoolExecutor.java:1136)
	at java.base/java.util.concurrent.ThreadPoolExecutor$Worker.run(ThreadPoolExecutor.java:635)
	at java.base/java.lang.Thread.run(Thread.java:840)

[06-23 18:30:16]: [INFO] AuthMe 5.6.0-bCUSTOM disabled!
[06-23 18:31:03]: [INFO] SQLite Setup finished
[06-23 18:31:04]: [INFO] Hooked into LuckPerms!
[06-23 18:31:04]: [INFO] Hooked successfully into Essentials
[06-23 18:31:04]: [INFO] AuthMe 5.6.0 build n.CUSTOM successfully enabled!
[06-23 18:31:05]: [INFO] Downloading GEO IP database, because the old database is older than 30 days or doesn't exist
[06-23 18:31:05]: [WARN] No MaxMind credentials found in the configuration file! GeoIp protections will be disabled.
[06-23 18:31:05]: [INFO] There is no newer GEO IP database uploaded to MaxMind. Using the old one for now.
[06-23 18:31:05]: [WARN] Could not download GeoLiteAPI database [FileNotFoundException]: plugins/AuthMe/GeoLite2-Country.mmdb (No such file or directory)
[06-23 18:31:05]: java.io.FileNotFoundException: plugins/AuthMe/GeoLite2-Country.mmdb (No such file or directory)
	at java.base/java.io.RandomAccessFile.open0(Native Method)
	at java.base/java.io.RandomAccessFile.open(RandomAccessFile.java:344)
	at java.base/java.io.RandomAccessFile.<init>(RandomAccessFile.java:259)
	at java.base/java.io.RandomAccessFile.<init>(RandomAccessFile.java:213)
	at fr.xephi.authme.libs.com.maxmind.db.BufferHolder.<init>(BufferHolder.java:20)
	at fr.xephi.authme.libs.com.maxmind.db.Reader.<init>(Reader.java:121)
	at fr.xephi.authme.service.GeoIpService.startReading(GeoIpService.java:179)
	at fr.xephi.authme.service.GeoIpService.updateDatabase(GeoIpService.java:150)
	at org.bukkit.craftbukkit.v1_12_R1.scheduler.CraftTask.run(CraftTask.java:64)
	at org.bukkit.craftbukkit.v1_12_R1.scheduler.CraftAsyncTask.run(CraftAsyncTask.java:52)
	at com.destroystokyo.paper.ServerSchedulerReportingWrapper.run(ServerSchedulerReportingWrapper.java:22)
	at java.base/java.util.concurrent.ThreadPoolExecutor.runWorker(ThreadPoolExecutor.java:1136)
	at java.base/java.util.concurrent.ThreadPoolExecutor$Worker.run(ThreadPoolExecutor.java:635)
	at java.base/java.lang.Thread.run(Thread.java:840)

[06-23 18:31:47]: [FINE] ChinmayM_360 registered 127.0.0.1
[06-23 18:31:48]: [FINE] ChinmayM_360 logged in 127.0.0.1
[06-23 18:34:26]: [FINE] ChinmayM_3600 registered 127.0.0.1
[06-23 18:34:26]: [FINE] The user ChinmayM_3600 has 2 accounts:
[06-23 18:34:26]: [FINE] §7chinmaym_360, §aChinmayM_3600§7.
[06-23 18:34:26]: [FINE] ChinmayM_3600 logged in 127.0.0.1
[06-23 18:42:52]: [FINE] The user ChinmayM_3600 has 2 accounts:
[06-23 18:42:52]: [FINE] §7chinmaym_360, §aChinmayM_3600§7.
[06-23 18:42:52]: [FINE] ChinmayM_3600 logged in 127.0.0.1
[06-23 18:51:33]: [FINE] The user ChinmayM_3600 has 2 accounts:
[06-23 18:51:33]: [FINE] §7chinmaym_360, §aChinmayM_3600§7.
[06-23 18:51:33]: [FINE] ChinmayM_3600 logged in 127.0.0.1
[06-23 18:54:15]: [FINE] The user ChinmayM_3600 has 2 accounts:
[06-23 18:54:15]: [FINE] §7chinmaym_360, §aChinmayM_3600§7.
[06-23 18:54:15]: [FINE] ChinmayM_3600 logged in 127.0.0.1
[06-23 19:02:08]: [FINE] The user ChinmayM_3600 has 2 accounts:
[06-23 19:02:08]: [FINE] §7chinmaym_360, §aChinmayM_3600§7.
[06-23 19:02:08]: [FINE] ChinmayM_3600 logged in 127.0.0.1
[06-23 19:04:10]: [FINE] The user ChinmayM_3600 has 2 accounts:
[06-23 19:04:10]: [FINE] §7chinmaym_360, §aChinmayM_3600§7.
[06-23 19:04:10]: [FINE] ChinmayM_3600 logged in 127.0.0.1
[06-23 19:08:52]: [FINE] The user ChinmayM_3600 has 2 accounts:
[06-23 19:08:52]: [FINE] §7chinmaym_360, §aChinmayM_3600§7.
[06-23 19:08:52]: [FINE] ChinmayM_3600 logged in 127.0.0.1
[06-23 19:10:17]: [INFO] AuthMe 5.6.0-bCUSTOM disabled!
[06-23 19:12:23]: [INFO] SQLite Setup finished
[06-23 19:12:23]: [INFO] Hooked into LuckPerms!
[06-23 19:12:23]: [INFO] Hooked successfully into Essentials
[06-23 19:12:24]: [INFO] AuthMe 5.6.0 build n.CUSTOM successfully enabled!
[06-23 19:12:24]: [INFO] Downloading GEO IP database, because the old database is older than 30 days or doesn't exist
[06-23 19:12:24]: [WARN] No MaxMind credentials found in the configuration file! GeoIp protections will be disabled.
[06-23 19:12:24]: [INFO] There is no newer GEO IP database uploaded to MaxMind. Using the old one for now.
[06-23 19:12:24]: [WARN] Could not download GeoLiteAPI database [FileNotFoundException]: plugins/AuthMe/GeoLite2-Country.mmdb (No such file or directory)
[06-23 19:12:24]: java.io.FileNotFoundException: plugins/AuthMe/GeoLite2-Country.mmdb (No such file or directory)
	at java.base/java.io.RandomAccessFile.open0(Native Method)
	at java.base/java.io.RandomAccessFile.open(RandomAccessFile.java:344)
	at java.base/java.io.RandomAccessFile.<init>(RandomAccessFile.java:259)
	at java.base/java.io.RandomAccessFile.<init>(RandomAccessFile.java:213)
	at fr.xephi.authme.libs.com.maxmind.db.BufferHolder.<init>(BufferHolder.java:20)
	at fr.xephi.authme.libs.com.maxmind.db.Reader.<init>(Reader.java:121)
	at fr.xephi.authme.service.GeoIpService.startReading(GeoIpService.java:179)
	at fr.xephi.authme.service.GeoIpService.updateDatabase(GeoIpService.java:150)
	at org.bukkit.craftbukkit.v1_12_R1.scheduler.CraftTask.run(CraftTask.java:64)
	at org.bukkit.craftbukkit.v1_12_R1.scheduler.CraftAsyncTask.run(CraftAsyncTask.java:52)
	at com.destroystokyo.paper.ServerSchedulerReportingWrapper.run(ServerSchedulerReportingWrapper.java:22)
	at java.base/java.util.concurrent.ThreadPoolExecutor.runWorker(ThreadPoolExecutor.java:1136)
	at java.base/java.util.concurrent.ThreadPoolExecutor$Worker.run(ThreadPoolExecutor.java:635)
	at java.base/java.lang.Thread.run(Thread.java:840)

[06-23 19:12:43]: [FINE] ChinmayM_3600 logged in 127.0.0.1
[06-23 19:13:45]: [INFO] AuthMe 5.6.0-bCUSTOM disabled!
[06-23 19:14:35]: [INFO] SQLite Setup finished
[06-23 19:14:35]: [INFO] Hooked into LuckPerms!
[06-23 19:14:35]: [INFO] Hooked successfully into Essentials
[06-23 19:14:36]: [INFO] AuthMe 5.6.0 build n.CUSTOM successfully enabled!
[06-23 19:14:36]: [INFO] Downloading GEO IP database, because the old database is older than 30 days or doesn't exist
[06-23 19:14:36]: [WARN] No MaxMind credentials found in the configuration file! GeoIp protections will be disabled.
[06-23 19:14:36]: [INFO] There is no newer GEO IP database uploaded to MaxMind. Using the old one for now.
[06-23 19:14:36]: [WARN] Could not download GeoLiteAPI database [FileNotFoundException]: plugins/AuthMe/GeoLite2-Country.mmdb (No such file or directory)
[06-23 19:14:36]: java.io.FileNotFoundException: plugins/AuthMe/GeoLite2-Country.mmdb (No such file or directory)
	at java.base/java.io.RandomAccessFile.open0(Native Method)
	at java.base/java.io.RandomAccessFile.open(RandomAccessFile.java:344)
	at java.base/java.io.RandomAccessFile.<init>(RandomAccessFile.java:259)
	at java.base/java.io.RandomAccessFile.<init>(RandomAccessFile.java:213)
	at fr.xephi.authme.libs.com.maxmind.db.BufferHolder.<init>(BufferHolder.java:20)
	at fr.xephi.authme.libs.com.maxmind.db.Reader.<init>(Reader.java:121)
	at fr.xephi.authme.service.GeoIpService.startReading(GeoIpService.java:179)
	at fr.xephi.authme.service.GeoIpService.updateDatabase(GeoIpService.java:150)
	at org.bukkit.craftbukkit.v1_12_R1.scheduler.CraftTask.run(CraftTask.java:64)
	at org.bukkit.craftbukkit.v1_12_R1.scheduler.CraftAsyncTask.run(CraftAsyncTask.java:52)
	at com.destroystokyo.paper.ServerSchedulerReportingWrapper.run(ServerSchedulerReportingWrapper.java:22)
	at java.base/java.util.concurrent.ThreadPoolExecutor.runWorker(ThreadPoolExecutor.java:1136)
	at java.base/java.util.concurrent.ThreadPoolExecutor$Worker.run(ThreadPoolExecutor.java:635)
	at java.base/java.lang.Thread.run(Thread.java:840)

[06-23 19:31:54]: [FINE] Mintyy1 registered 127.0.0.1
[06-23 19:31:54]: [FINE] Mintyy1 logged in 127.0.0.1
[06-23 19:36:04]: [FINE] Mintyy registered 127.0.0.1
[06-23 19:36:04]: [FINE] Mintyy logged in 127.0.0.1
[06-23 19:36:16]: [FINE] ChinmayM_3600 logged in 127.0.0.1
[06-23 20:09:40]: [FINE] ChinmayM_3600 logged in 127.0.0.1
[06-23 20:29:13]: [INFO] SQLite Setup finished
[06-23 20:29:14]: [INFO] Hooked into LuckPerms!
[06-23 20:29:14]: [INFO] Hooked successfully into Essentials
[06-23 20:29:15]: [INFO] AuthMe 5.6.0 build n.CUSTOM successfully enabled!
[06-23 20:29:16]: [INFO] Downloading GEO IP database, because the old database is older than 30 days or doesn't exist
[06-23 20:29:16]: [WARN] No MaxMind credentials found in the configuration file! GeoIp protections will be disabled.
[06-23 20:29:16]: [INFO] There is no newer GEO IP database uploaded to MaxMind. Using the old one for now.
[06-23 20:29:17]: [WARN] Could not download GeoLiteAPI database [FileNotFoundException]: plugins/AuthMe/GeoLite2-Country.mmdb (No such file or directory)
[06-23 20:29:17]: java.io.FileNotFoundException: plugins/AuthMe/GeoLite2-Country.mmdb (No such file or directory)
	at java.base/java.io.RandomAccessFile.open0(Native Method)
	at java.base/java.io.RandomAccessFile.open(RandomAccessFile.java:344)
	at java.base/java.io.RandomAccessFile.<init>(RandomAccessFile.java:259)
	at java.base/java.io.RandomAccessFile.<init>(RandomAccessFile.java:213)
	at fr.xephi.authme.libs.com.maxmind.db.BufferHolder.<init>(BufferHolder.java:20)
	at fr.xephi.authme.libs.com.maxmind.db.Reader.<init>(Reader.java:121)
	at fr.xephi.authme.service.GeoIpService.startReading(GeoIpService.java:179)
	at fr.xephi.authme.service.GeoIpService.updateDatabase(GeoIpService.java:150)
	at org.bukkit.craftbukkit.v1_12_R1.scheduler.CraftTask.run(CraftTask.java:64)
	at org.bukkit.craftbukkit.v1_12_R1.scheduler.CraftAsyncTask.run(CraftAsyncTask.java:52)
	at com.destroystokyo.paper.ServerSchedulerReportingWrapper.run(ServerSchedulerReportingWrapper.java:22)
	at java.base/java.util.concurrent.ThreadPoolExecutor.runWorker(ThreadPoolExecutor.java:1136)
	at java.base/java.util.concurrent.ThreadPoolExecutor$Worker.run(ThreadPoolExecutor.java:635)
	at java.base/java.lang.Thread.run(Thread.java:840)

[06-23 20:29:45]: [FINE] ChinmayM_3600 logged in 127.0.0.1
[06-23 20:30:44]: [FINE] Mintyy logged in 127.0.0.1
[06-23 20:57:44]: [FINE] Mintyy logged in 127.0.0.1
[06-23 21:04:30]: [FINE] ChinmayM_3600 logged in 127.0.0.1
[06-23 21:13:44]: [FINE] Mintyy logged in 127.0.0.1
[06-23 21:14:35]: [FINE] ChinmayM_3600 logged in 127.0.0.1
[06-23 21:30:55]: [INFO] AuthMe 5.6.0-bCUSTOM disabled!
[06-23 21:33:56]: [INFO] SQLite Setup finished
[06-23 21:33:56]: [INFO] Hooked into LuckPerms!
[06-23 21:33:57]: [INFO] Hooked successfully into Essentials
[06-23 21:33:57]: [INFO] AuthMe 5.6.0 build n.CUSTOM successfully enabled!
[06-23 21:33:57]: [INFO] Downloading GEO IP database, because the old database is older than 30 days or doesn't exist
[06-23 21:33:57]: [WARN] No MaxMind credentials found in the configuration file! GeoIp protections will be disabled.
[06-23 21:33:57]: [INFO] There is no newer GEO IP database uploaded to MaxMind. Using the old one for now.
[06-23 21:33:57]: [WARN] Could not download GeoLiteAPI database [FileNotFoundException]: plugins/AuthMe/GeoLite2-Country.mmdb (No such file or directory)
[06-23 21:33:57]: java.io.FileNotFoundException: plugins/AuthMe/GeoLite2-Country.mmdb (No such file or directory)
	at java.base/java.io.RandomAccessFile.open0(Native Method)
	at java.base/java.io.RandomAccessFile.open(RandomAccessFile.java:344)
	at java.base/java.io.RandomAccessFile.<init>(RandomAccessFile.java:259)
	at java.base/java.io.RandomAccessFile.<init>(RandomAccessFile.java:213)
	at fr.xephi.authme.libs.com.maxmind.db.BufferHolder.<init>(BufferHolder.java:20)
	at fr.xephi.authme.libs.com.maxmind.db.Reader.<init>(Reader.java:121)
	at fr.xephi.authme.service.GeoIpService.startReading(GeoIpService.java:179)
	at fr.xephi.authme.service.GeoIpService.updateDatabase(GeoIpService.java:150)
	at org.bukkit.craftbukkit.v1_12_R1.scheduler.CraftTask.run(CraftTask.java:64)
	at org.bukkit.craftbukkit.v1_12_R1.scheduler.CraftAsyncTask.run(CraftAsyncTask.java:52)
	at com.destroystokyo.paper.ServerSchedulerReportingWrapper.run(ServerSchedulerReportingWrapper.java:22)
	at java.base/java.util.concurrent.ThreadPoolExecutor.runWorker(ThreadPoolExecutor.java:1136)
	at java.base/java.util.concurrent.ThreadPoolExecutor$Worker.run(ThreadPoolExecutor.java:635)
	at java.base/java.lang.Thread.run(Thread.java:840)

[06-23 21:35:46]: [FINE] ChinmayM_3600 logged in 127.0.0.1
[06-23 21:39:18]: [FINE] ChinmayM_3600 logged in 127.0.0.1
[06-23 21:41:47]: [FINE] ChinmayM_3600 logged in 127.0.0.1
[06-23 21:49:34]: [FINE] ChinmayM_3600 logged in 127.0.0.1
[06-23 21:50:07]: [FINE] lilteccaAOTY_ registered 127.0.0.1
[06-23 21:50:07]: [FINE] lilteccaAOTY_ logged in 127.0.0.1
[06-23 21:52:00]: [FINE] Dan1e1 registered 127.0.0.1
[06-23 21:52:00]: [FINE] Dan1e1 logged in 127.0.0.1
[06-23 22:03:30]: [FINE] ChinmayM_3600 logged in 127.0.0.1
[06-23 22:08:18]: [FINE] Dan1e1 logged in 127.0.0.1
[06-23 22:09:13]: [FINE] ChinmayM_3600 logged in 127.0.0.1
[06-23 22:11:48]: [FINE] ChinmayM_3600 logged in 127.0.0.1
[06-23 22:16:43]: [FINE] Dan1e1 logged in 127.0.0.1
[06-23 22:16:51]: [FINE] ChinmayM_3600 logged in 127.0.0.1
[06-23 22:36:41]: [FINE] ChinmayM_3600 logged in 127.0.0.1
[06-23 23:01:15]: [INFO] SQLite Setup finished
[06-23 23:01:15]: [INFO] Hooked into LuckPerms!
[06-23 23:01:15]: [INFO] Hooked successfully into Essentials
[06-23 23:01:16]: [INFO] AuthMe 5.6.0 build n.CUSTOM successfully enabled!
[06-23 23:01:17]: [INFO] Downloading GEO IP database, because the old database is older than 30 days or doesn't exist
[06-23 23:01:17]: [WARN] No MaxMind credentials found in the configuration file! GeoIp protections will be disabled.
[06-23 23:01:17]: [INFO] There is no newer GEO IP database uploaded to MaxMind. Using the old one for now.
[06-23 23:01:17]: [WARN] Could not download GeoLiteAPI database [FileNotFoundException]: plugins/AuthMe/GeoLite2-Country.mmdb (No such file or directory)
[06-23 23:01:17]: java.io.FileNotFoundException: plugins/AuthMe/GeoLite2-Country.mmdb (No such file or directory)
	at java.base/java.io.RandomAccessFile.open0(Native Method)
	at java.base/java.io.RandomAccessFile.open(RandomAccessFile.java:344)
	at java.base/java.io.RandomAccessFile.<init>(RandomAccessFile.java:259)
	at java.base/java.io.RandomAccessFile.<init>(RandomAccessFile.java:213)
	at fr.xephi.authme.libs.com.maxmind.db.BufferHolder.<init>(BufferHolder.java:20)
	at fr.xephi.authme.libs.com.maxmind.db.Reader.<init>(Reader.java:121)
	at fr.xephi.authme.service.GeoIpService.startReading(GeoIpService.java:179)
	at fr.xephi.authme.service.GeoIpService.updateDatabase(GeoIpService.java:150)
	at org.bukkit.craftbukkit.v1_12_R1.scheduler.CraftTask.run(CraftTask.java:64)
	at org.bukkit.craftbukkit.v1_12_R1.scheduler.CraftAsyncTask.run(CraftAsyncTask.java:52)
	at com.destroystokyo.paper.ServerSchedulerReportingWrapper.run(ServerSchedulerReportingWrapper.java:22)
	at java.base/java.util.concurrent.ThreadPoolExecutor.runWorker(ThreadPoolExecutor.java:1136)
	at java.base/java.util.concurrent.ThreadPoolExecutor$Worker.run(ThreadPoolExecutor.java:635)
	at java.base/java.lang.Thread.run(Thread.java:840)

[06-23 23:09:53]: [FINE] ChinmayM_3600 logged in 127.0.0.1
[06-24 00:42:21]: [INFO] SQLite Setup finished
[06-24 00:42:21]: [INFO] Hooked into LuckPerms!
[06-24 00:42:21]: [INFO] Hooked successfully into Essentials
[06-24 00:42:22]: [INFO] AuthMe 5.6.0 build n.CUSTOM successfully enabled!
[06-24 00:42:22]: [INFO] Downloading GEO IP database, because the old database is older than 30 days or doesn't exist
[06-24 00:42:22]: [WARN] No MaxMind credentials found in the configuration file! GeoIp protections will be disabled.
[06-24 00:42:22]: [INFO] There is no newer GEO IP database uploaded to MaxMind. Using the old one for now.
[06-24 00:42:22]: [WARN] Could not download GeoLiteAPI database [FileNotFoundException]: plugins/AuthMe/GeoLite2-Country.mmdb (No such file or directory)
[06-24 00:42:22]: java.io.FileNotFoundException: plugins/AuthMe/GeoLite2-Country.mmdb (No such file or directory)
	at java.base/java.io.RandomAccessFile.open0(Native Method)
	at java.base/java.io.RandomAccessFile.open(RandomAccessFile.java:344)
	at java.base/java.io.RandomAccessFile.<init>(RandomAccessFile.java:259)
	at java.base/java.io.RandomAccessFile.<init>(RandomAccessFile.java:213)
	at fr.xephi.authme.libs.com.maxmind.db.BufferHolder.<init>(BufferHolder.java:20)
	at fr.xephi.authme.libs.com.maxmind.db.Reader.<init>(Reader.java:121)
	at fr.xephi.authme.service.GeoIpService.startReading(GeoIpService.java:179)
	at fr.xephi.authme.service.GeoIpService.updateDatabase(GeoIpService.java:150)
	at org.bukkit.craftbukkit.v1_12_R1.scheduler.CraftTask.run(CraftTask.java:64)
	at org.bukkit.craftbukkit.v1_12_R1.scheduler.CraftAsyncTask.run(CraftAsyncTask.java:52)
	at com.destroystokyo.paper.ServerSchedulerReportingWrapper.run(ServerSchedulerReportingWrapper.java:22)
	at java.base/java.util.concurrent.ThreadPoolExecutor.runWorker(ThreadPoolExecutor.java:1136)
	at java.base/java.util.concurrent.ThreadPoolExecutor$Worker.run(ThreadPoolExecutor.java:635)
	at java.base/java.lang.Thread.run(Thread.java:840)

[06-24 01:07:54]: [FINE] myz_ALT registered 127.0.0.1
[06-24 01:07:54]: [FINE] myz_ALT logged in 127.0.0.1
[06-24 01:11:47]: [FINE] myz_ALT logged in 127.0.0.1
[06-24 01:23:51]: [FINE] ChinmayM_3600 logged in 127.0.0.1
[06-24 01:30:08]: [FINE] myz_ALT logged in 127.0.0.1
[06-24 01:32:43]: [FINE] fdsak registered 127.0.0.1
[06-24 01:32:43]: [FINE] fdsak logged in 127.0.0.1
[06-24 01:35:16]: [FINE] Dan1e1 logged in 127.0.0.1
[06-24 01:47:50]: [FINE] Dan1e1 logged in 127.0.0.1
[06-24 01:50:20]: [FINE] myz_ALT logged in 127.0.0.1
[06-24 02:00:12]: [FINE] ChinmayM_3600 logged in 127.0.0.1
[06-24 02:09:50]: [FINE] Dan1e1 logged in 127.0.0.1
[06-24 02:28:24]: [FINE] Dan1e1 logged in 127.0.0.1
[06-24 13:34:12]: [INFO] SQLite Setup finished
[06-24 13:34:12]: [INFO] Hooked into LuckPerms!
[06-24 13:34:12]: [INFO] Hooked successfully into Essentials
[06-24 13:34:13]: [INFO] AuthMe 5.6.0 build n.CUSTOM successfully enabled!
[06-24 13:34:13]: [INFO] Downloading GEO IP database, because the old database is older than 30 days or doesn't exist
[06-24 13:34:13]: [WARN] No MaxMind credentials found in the configuration file! GeoIp protections will be disabled.
[06-24 13:34:13]: [INFO] There is no newer GEO IP database uploaded to MaxMind. Using the old one for now.
[06-24 13:34:13]: [WARN] Could not download GeoLiteAPI database [FileNotFoundException]: plugins/AuthMe/GeoLite2-Country.mmdb (No such file or directory)
[06-24 13:34:13]: java.io.FileNotFoundException: plugins/AuthMe/GeoLite2-Country.mmdb (No such file or directory)
	at java.base/java.io.RandomAccessFile.open0(Native Method)
	at java.base/java.io.RandomAccessFile.open(RandomAccessFile.java:344)
	at java.base/java.io.RandomAccessFile.<init>(RandomAccessFile.java:259)
	at java.base/java.io.RandomAccessFile.<init>(RandomAccessFile.java:213)
	at fr.xephi.authme.libs.com.maxmind.db.BufferHolder.<init>(BufferHolder.java:20)
	at fr.xephi.authme.libs.com.maxmind.db.Reader.<init>(Reader.java:121)
	at fr.xephi.authme.service.GeoIpService.startReading(GeoIpService.java:179)
	at fr.xephi.authme.service.GeoIpService.updateDatabase(GeoIpService.java:150)
	at org.bukkit.craftbukkit.v1_12_R1.scheduler.CraftTask.run(CraftTask.java:64)
	at org.bukkit.craftbukkit.v1_12_R1.scheduler.CraftAsyncTask.run(CraftAsyncTask.java:52)
	at com.destroystokyo.paper.ServerSchedulerReportingWrapper.run(ServerSchedulerReportingWrapper.java:22)
	at java.base/java.util.concurrent.ThreadPoolExecutor.runWorker(ThreadPoolExecutor.java:1136)
	at java.base/java.util.concurrent.ThreadPoolExecutor$Worker.run(ThreadPoolExecutor.java:635)
	at java.base/java.lang.Thread.run(Thread.java:840)

[06-24 14:10:33]: [FINE] Toastman175 registered 127.0.0.1
[06-24 14:10:33]: [FINE] Toastman175 logged in 127.0.0.1
[06-24 14:42:06]: [INFO] SQLite Setup finished
[06-24 14:42:06]: [INFO] Hooked into LuckPerms!
[06-24 14:42:06]: [INFO] Hooked successfully into Essentials
[06-24 14:42:07]: [INFO] AuthMe 5.6.0 build n.CUSTOM successfully enabled!
[06-24 14:42:07]: [INFO] Downloading GEO IP database, because the old database is older than 30 days or doesn't exist
[06-24 14:42:07]: [WARN] No MaxMind credentials found in the configuration file! GeoIp protections will be disabled.
[06-24 14:42:07]: [INFO] There is no newer GEO IP database uploaded to MaxMind. Using the old one for now.
[06-24 14:42:07]: [WARN] Could not download GeoLiteAPI database [FileNotFoundException]: plugins/AuthMe/GeoLite2-Country.mmdb (No such file or directory)
[06-24 14:42:07]: java.io.FileNotFoundException: plugins/AuthMe/GeoLite2-Country.mmdb (No such file or directory)
	at java.base/java.io.RandomAccessFile.open0(Native Method)
	at java.base/java.io.RandomAccessFile.open(RandomAccessFile.java:344)
	at java.base/java.io.RandomAccessFile.<init>(RandomAccessFile.java:259)
	at java.base/java.io.RandomAccessFile.<init>(RandomAccessFile.java:213)
	at fr.xephi.authme.libs.com.maxmind.db.BufferHolder.<init>(BufferHolder.java:20)
	at fr.xephi.authme.libs.com.maxmind.db.Reader.<init>(Reader.java:121)
	at fr.xephi.authme.service.GeoIpService.startReading(GeoIpService.java:179)
	at fr.xephi.authme.service.GeoIpService.updateDatabase(GeoIpService.java:150)
	at org.bukkit.craftbukkit.v1_12_R1.scheduler.CraftTask.run(CraftTask.java:64)
	at org.bukkit.craftbukkit.v1_12_R1.scheduler.CraftAsyncTask.run(CraftAsyncTask.java:52)
	at com.destroystokyo.paper.ServerSchedulerReportingWrapper.run(ServerSchedulerReportingWrapper.java:22)
	at java.base/java.util.concurrent.ThreadPoolExecutor.runWorker(ThreadPoolExecutor.java:1136)
	at java.base/java.util.concurrent.ThreadPoolExecutor$Worker.run(ThreadPoolExecutor.java:635)
	at java.base/java.lang.Thread.run(Thread.java:840)

[06-24 14:55:45]: [FINE] ChinmayM_3600 logged in 127.0.0.1
[06-24 15:33:28]: [FINE] Mintyy logged in 127.0.0.1
[06-24 16:11:44]: [INFO] SQLite Setup finished
[06-24 16:11:44]: [INFO] Hooked into LuckPerms!
[06-24 16:11:44]: [INFO] Hooked successfully into Essentials
[06-24 16:11:45]: [INFO] AuthMe 5.6.0 build n.CUSTOM successfully enabled!
[06-24 16:11:46]: [INFO] Downloading GEO IP database, because the old database is older than 30 days or doesn't exist
[06-24 16:11:46]: [WARN] No MaxMind credentials found in the configuration file! GeoIp protections will be disabled.
[06-24 16:11:46]: [INFO] There is no newer GEO IP database uploaded to MaxMind. Using the old one for now.
[06-24 16:11:46]: [WARN] Could not download GeoLiteAPI database [FileNotFoundException]: plugins/AuthMe/GeoLite2-Country.mmdb (No such file or directory)
[06-24 16:11:46]: java.io.FileNotFoundException: plugins/AuthMe/GeoLite2-Country.mmdb (No such file or directory)
	at java.base/java.io.RandomAccessFile.open0(Native Method)
	at java.base/java.io.RandomAccessFile.open(RandomAccessFile.java:344)
	at java.base/java.io.RandomAccessFile.<init>(RandomAccessFile.java:259)
	at java.base/java.io.RandomAccessFile.<init>(RandomAccessFile.java:213)
	at fr.xephi.authme.libs.com.maxmind.db.BufferHolder.<init>(BufferHolder.java:20)
	at fr.xephi.authme.libs.com.maxmind.db.Reader.<init>(Reader.java:121)
	at fr.xephi.authme.service.GeoIpService.startReading(GeoIpService.java:179)
	at fr.xephi.authme.service.GeoIpService.updateDatabase(GeoIpService.java:150)
	at org.bukkit.craftbukkit.v1_12_R1.scheduler.CraftTask.run(CraftTask.java:64)
	at org.bukkit.craftbukkit.v1_12_R1.scheduler.CraftAsyncTask.run(CraftAsyncTask.java:52)
	at com.destroystokyo.paper.ServerSchedulerReportingWrapper.run(ServerSchedulerReportingWrapper.java:22)
	at java.base/java.util.concurrent.ThreadPoolExecutor.runWorker(ThreadPoolExecutor.java:1136)
	at java.base/java.util.concurrent.ThreadPoolExecutor$Worker.run(ThreadPoolExecutor.java:635)
	at java.base/java.lang.Thread.run(Thread.java:840)

[06-24 16:12:18]: [FINE] ChinmayM_3600 logged in 127.0.0.1
[06-24 16:14:30]: [FINE] Mintyy logged in 127.0.0.1
[06-24 16:28:19]: [FINE] Mintyy logged in 127.0.0.1
[06-24 16:32:07]: [FINE] ChinmayM_3600 logged in 127.0.0.1
[06-24 16:36:09]: [FINE] Mintyy logged in 127.0.0.1
[06-24 16:41:54]: [FINE] ChinmayM_3600 used the wrong password
[06-24 16:42:30]: [FINE] ChinmayM_3600 logged in 127.0.0.1
[06-24 17:09:54]: [FINE] ChinmayM_3600 logged in 127.0.0.1
[06-24 17:14:13]: [INFO] SQLite Setup finished
[06-24 17:14:13]: [INFO] Hooked into LuckPerms!
[06-24 17:14:14]: [INFO] Hooked successfully into Essentials
[06-24 17:14:14]: [INFO] AuthMe 5.6.0 build n.CUSTOM successfully enabled!
[06-24 17:14:15]: [INFO] Downloading GEO IP database, because the old database is older than 30 days or doesn't exist
[06-24 17:14:15]: [WARN] No MaxMind credentials found in the configuration file! GeoIp protections will be disabled.
[06-24 17:14:15]: [INFO] There is no newer GEO IP database uploaded to MaxMind. Using the old one for now.
[06-24 17:14:15]: [WARN] Could not download GeoLiteAPI database [FileNotFoundException]: plugins/AuthMe/GeoLite2-Country.mmdb (No such file or directory)
[06-24 17:14:15]: java.io.FileNotFoundException: plugins/AuthMe/GeoLite2-Country.mmdb (No such file or directory)
	at java.base/java.io.RandomAccessFile.open0(Native Method)
	at java.base/java.io.RandomAccessFile.open(RandomAccessFile.java:344)
	at java.base/java.io.RandomAccessFile.<init>(RandomAccessFile.java:259)
	at java.base/java.io.RandomAccessFile.<init>(RandomAccessFile.java:213)
	at fr.xephi.authme.libs.com.maxmind.db.BufferHolder.<init>(BufferHolder.java:20)
	at fr.xephi.authme.libs.com.maxmind.db.Reader.<init>(Reader.java:121)
	at fr.xephi.authme.service.GeoIpService.startReading(GeoIpService.java:179)
	at fr.xephi.authme.service.GeoIpService.updateDatabase(GeoIpService.java:150)
	at org.bukkit.craftbukkit.v1_12_R1.scheduler.CraftTask.run(CraftTask.java:64)
	at org.bukkit.craftbukkit.v1_12_R1.scheduler.CraftAsyncTask.run(CraftAsyncTask.java:52)
	at com.destroystokyo.paper.ServerSchedulerReportingWrapper.run(ServerSchedulerReportingWrapper.java:22)
	at java.base/java.util.concurrent.ThreadPoolExecutor.runWorker(ThreadPoolExecutor.java:1136)
	at java.base/java.util.concurrent.ThreadPoolExecutor$Worker.run(ThreadPoolExecutor.java:635)
	at java.base/java.lang.Thread.run(Thread.java:840)

[06-24 17:14:27]: [FINE] Mintyy logged in 127.0.0.1
[06-24 17:14:34]: [FINE] ChinmayM_3600 logged in 127.0.0.1
[06-24 17:21:22]: [FINE] ChinmayM_3600 used the wrong password
[06-24 17:21:33]: [FINE] ChinmayM_3600 logged in 127.0.0.1
