[17:13:07] [Server thread/INFO]: Starting minecraft server version 1.12.2
[17:13:07] [Server thread/INFO]: Loading properties
[17:13:07] [Server thread/WARN]: You have used the Spigot command line EULA agreement flag.
[17:13:07] [Server thread/WARN]: By using this setting you are indicating your agreement to Mojang's EULA (https://account.mojang.com/documents/minecraft_eula).
[17:13:07] [Server thread/WARN]: If you do not agree to the above EULA please stop your server and remove this flag immediately.
[17:13:07] [Server thread/INFO]: Default game type: SURVIVAL
[17:13:07] [Server thread/INFO]: This server is running Paper version git-Paper-1620 (MC: 1.12.2) (Implementing API version 1.12.2-R0.1-SNAPSHOT)
[17:13:07] [Server thread/INFO]: Debug logging is disabled
[17:13:07] [Server thread/INFO]: Server Ping Player Sample Count: 12
[17:13:07] [Server thread/INFO]: Using 4 threads for Netty based IO
[17:13:07] [Server thread/INFO]: Generating keypair
[17:13:08] [Server thread/INFO]: Starting Minecraft server on *:25565
[17:13:08] [Server thread/INFO]: Using epoll channel type
[17:13:10] [Server thread/INFO]: Set PluginClassLoader as parallel capable
[17:13:12] [Server thread/ERROR]: Could not load 'plugins/EssentialsXDiscordLink-2.21.2-dev+10-ff1b8b8.jar' in folder 'plugins'
org.bukkit.plugin.InvalidPluginException: java.lang.IncompatibleClassChangeError: class net.essentialsx.discordlink.EssentialsDiscordLink overrides final method org.bukkit.plugin.java.JavaPlugin.getLogger()Ljava/util/logging/Logger;
	at org.bukkit.plugin.java.JavaPluginLoader.loadPlugin(JavaPluginLoader.java:131) ~[patched_1.12.2.jar:git-Paper-1620]
	at org.bukkit.plugin.SimplePluginManager.loadPlugin(SimplePluginManager.java:329) ~[patched_1.12.2.jar:git-Paper-1620]
	at org.bukkit.plugin.SimplePluginManager.loadPlugins(SimplePluginManager.java:251) ~[patched_1.12.2.jar:git-Paper-1620]
	at org.bukkit.craftbukkit.v1_12_R1.CraftServer.loadPlugins(CraftServer.java:318) ~[patched_1.12.2.jar:git-Paper-1620]
	at net.minecraft.server.v1_12_R1.DedicatedServer.init(DedicatedServer.java:222) ~[patched_1.12.2.jar:git-Paper-1620]
	at net.minecraft.server.v1_12_R1.MinecraftServer.run(MinecraftServer.java:616) ~[patched_1.12.2.jar:git-Paper-1620]
	at java.lang.Thread.run(Thread.java:840) [?:?]
Caused by: java.lang.IncompatibleClassChangeError: class net.essentialsx.discordlink.EssentialsDiscordLink overrides final method org.bukkit.plugin.java.JavaPlugin.getLogger()Ljava/util/logging/Logger;
	at java.lang.ClassLoader.defineClass1(Native Method) ~[?:?]
	at java.lang.ClassLoader.defineClass(ClassLoader.java:1017) ~[?:?]
	at java.security.SecureClassLoader.defineClass(SecureClassLoader.java:150) ~[?:?]
	at org.bukkit.plugin.java.PluginClassLoader.findClass(PluginClassLoader.java:152) ~[patched_1.12.2.jar:git-Paper-1620]
	at org.bukkit.plugin.java.PluginClassLoader.findClass(PluginClassLoader.java:104) ~[patched_1.12.2.jar:git-Paper-1620]
	at java.lang.ClassLoader.loadClass(ClassLoader.java:592) ~[?:?]
	at java.lang.ClassLoader.loadClass(ClassLoader.java:525) ~[?:?]
	at java.lang.Class.forName0(Native Method) ~[?:?]
	at java.lang.Class.forName(Class.java:467) ~[?:?]
	at org.bukkit.plugin.java.PluginClassLoader.<init>(PluginClassLoader.java:82) ~[patched_1.12.2.jar:git-Paper-1620]
	at org.bukkit.plugin.java.JavaPluginLoader.loadPlugin(JavaPluginLoader.java:127) ~[patched_1.12.2.jar:git-Paper-1620]
	... 6 more
[17:13:12] [Server thread/INFO]: [WorldEdit] Loading WorldEdit v6.1;no_git_id
[17:13:12] [Server thread/INFO]: [PlaceholderAPI] Loading PlaceholderAPI v2.11.6
[17:13:12] [Server thread/INFO]: [ClearLag] Loading ClearLag v3.2.2
[17:13:12] [Server thread/INFO]: [CrackShot] Loading CrackShot v0.98.5
[17:13:12] [Server thread/INFO]: [WorldGuard] Loading WorldGuard v6.2.2-SNAPSHOT;8eeab68
[17:13:12] [Server thread/INFO]: [SynkLibs] Loading SynkLibs v1.8.2
[17:13:12] [Server thread/INFO]: [CS-CoreLib] Loading CS-CoreLib v1.6.2
[17:13:12] [Server thread/INFO]: [ViaVersion] Loading ViaVersion v5.3.3-SNAPSHOT
[17:13:12] [Server thread/INFO]: [ViaVersion] ViaVersion 5.3.3-SNAPSHOT is now loaded. Registering protocol transformers and injecting...
[17:13:13] [Via-Mappingloader-0/INFO]: [ViaVersion] Loading block connection mappings ...
[17:13:14] [Via-Mappingloader-0/INFO]: [ViaVersion] Using FastUtil Long2ObjectOpenHashMap for block connections
[17:13:14] [Server thread/INFO]: [ViaBackwards] Loading translations...
[17:13:14] [Server thread/INFO]: [ViaBackwards] Registering protocols...
[17:13:15] [Server thread/INFO]: [ViaRewind] Registering protocols...
[17:13:15] [Server thread/INFO]: [ViaBackwards] Loading ViaBackwards v5.3.2
[17:13:15] [Server thread/INFO]: [ViaRewind] Loading ViaRewind v4.0.7
[17:13:15] [Server thread/INFO]: [LuckPerms] Loading LuckPerms v5.5.8
[17:13:17] [Server thread/INFO]: [LuckPerms] Loading configuration...
[17:13:17] [Server thread/INFO]: [ViaRewind-Legacy-Support] Loading ViaRewind-Legacy-Support v1.5.2
[17:13:17] [Server thread/INFO]: [ProtocolLib] Loading ProtocolLib v5.1.0
[17:13:19] [Server thread/INFO]: [SkinsRestorer] Loading SkinsRestorer v15.7.1
[17:13:19] [Server thread/INFO]: [EaglerXServer] Loading EaglercraftXServer v1.0.7
[17:13:19] [Server thread/INFO]: [EaglerXServer] (Platform: Bukkit)
[17:13:19] [Server thread/WARN]: [EaglerXServer] Note: Its highly recommended to install EaglerXServer on BungeeCord or Velocity instead, you will have a much better experience
[17:13:19] [Server thread/WARN]: [EaglerXServer] Note: If you are not using Spigot (or a derivative like Paper) or a version above 1.12.2, things probably won't work right
[17:13:20] [Server thread/INFO]: [EaglerXServer] Server Name: "EaglercraftXServer"
[17:13:20] [Server thread/INFO]: [EaglerXRewind-1.5] Loading EaglercraftXRewind-1-5 v1.0.2
[17:13:20] [Server thread/INFO]: [Vault] Loading Vault v1.5.6-b49
[17:13:20] [Server thread/INFO]: [dynmap] Loading dynmap v3.6-899
[17:13:20] [Server thread/INFO]: [dynmap] version=git-Paper-1620 (MC: 1.12.2)
[17:13:20] [Server thread/INFO]: [dynmap] Mod Support API available
[17:13:20] [Server thread/INFO]: [ZNPCsPlus] Loading ZNPCsPlus v2.0.0
[17:13:25] [Server thread/INFO]: [packetevents] Late injection detected, we missed packets so some functionality may break!
[17:13:25] [Server thread/INFO]: [packetevents] Late injection detected, we missed packets so some functionality may break!
[17:13:25] [Server thread/INFO]: [packetevents] Late injection detected, we missed packets so some functionality may break!
[17:13:25] [Server thread/INFO]: [packetevents] Late injection detected, we missed packets so some functionality may break!
[17:13:25] [Server thread/INFO]: [packetevents] Late injection detected, we missed packets so some functionality may break!
[17:13:25] [Server thread/INFO]: [packetevents] Late injection detected, we missed packets so some functionality may break!
[17:13:25] [Server thread/INFO]: [packetevents] Late injection detected, we missed packets so some functionality may break!
[17:13:25] [Server thread/INFO]: [packetevents] Late injection detected, we missed packets so some functionality may break!
[17:13:25] [Server thread/INFO]: [packetevents] Late injection detected, we missed packets so some functionality may break!
[17:13:25] [Server thread/INFO]: [packetevents] Late injection detected, we missed packets so some functionality may break!
[17:13:25] [Server thread/INFO]: [packetevents] Late injection detected, we missed packets so some functionality may break!
[17:13:25] [Server thread/INFO]: [Essentials] Loading Essentials v2.21.1
[17:13:25] [Server thread/INFO]: [EaglerWeb] Loading EaglerWeb v1.0.0
[17:13:25] [Server thread/INFO]: [AuctionHouse] Loading AuctionHouse v2.2.4
[17:13:25] [Server thread/INFO]: [EaglerMOTD] Loading EaglerMOTD-Reborn v1.0.0
[17:13:25] [Server thread/INFO]: [Magic] Loading Magic v10.9.8-2d84e24
[17:13:25] [Server thread/INFO]: [Magic] Loading legacy compatibility layer for server version 1.12
[17:13:25] [Server thread/WARN]: [Magic] [33m Player.openBook method not found, BookAction can't show virtual books[0m
[17:13:25] [Server thread/WARN]: [Magic] [33m Skull profile method not available, this is normal if you're on a legacy Minecraft version[0m
[17:13:25] [Server thread/WARN]: [Magic] [33m EntityTransformEvent not found, can't prevent mobs naturally transforming[0m
[17:13:25] [Server thread/WARN]: [Magic] [33m TimeSkipEvent not found, can't synchronize time between worlds[0m
[17:13:25] [Server thread/WARN]: [Magic] [33m Entity.persistentInvisibility field not found, invisibility may not reliably restore[0m
[17:13:25] [Server thread/WARN]: [Magic] [33m Use an updated version of Spigot for better knowledge book recipes[0m
[17:13:25] [Server thread/WARN]: [Magic] [33m Could not bind to chunk ticket API, chunk locking will not work[0m
[17:13:25] [Server thread/WARN]: [Magic] [33m No phantoms on this version[0m
[17:13:25] [Server thread/WARN]: [Magic] [33m Could not bind to persist entity tag, can't make mobs persistent[0m
[17:13:25] [Server thread/WARN]: [Magic] [33m Could not bind to selectEntities method, command target selectors may not work[0m
[17:13:25] [Server thread/WARN]: [Magic] [33m Couldn't find recipe removal method, this is odd since we did find NamespacedKey[0m
[17:13:25] [Server thread/WARN]: [Magic] [33m Couldn't find recipe discover method, this is odd since we did find NamespacedKey[0m
[17:13:26] [Server thread/WARN]: [Magic] [33m Could not bind to auto block state methods[0m
[17:13:26] [Netty Epoll Server IO #1/INFO]: [packetevents] lol.pyr.znpcsplus.libraries.packetevents.api.exception.PacketProcessException: Failed to map the Packet ID 69 to a PacketType constant. Bound: SERVER, Connection state: PLAY, Server version: 1.12.2
[17:13:26] [Server thread/INFO]: [Magic] Persistent metadata is not available, will rely on custom names to restore persistent magic mobs
[17:13:26] [Server thread/INFO]: [Magic] Found WorldGuard <7
[17:13:26] [Server thread/INFO]: [Magic] Pre-check for WorldGuard custom flag registration
[17:13:26] [Server thread/INFO]: [Magic] Registered custom WorldGuard flags: allowed-spells, always-allowed-spells, blocked-spells, always-allowed-spell-categories, allowed-spell-categories, blocked-spell-categories, allowed-wands, always-allowed-wands, blocked-wands, spell-overrides, destructible, reflective, tags, portal-spell, portal-warp
[17:13:26] [Server thread/INFO]: [EssentialsChat] Loading EssentialsChat v2.21.2-dev+10-ff1b8b8
[17:13:26] [Server thread/INFO]: [TAB] Loading TAB v5.2.2
[17:13:26] [Server thread/INFO]: [EssentialsSpawn] Loading EssentialsSpawn v2.21.2-dev+10-ff1b8b8
[17:13:26] [Server thread/INFO]: [EssentialsDiscord] Loading EssentialsDiscord v2.21.2-dev+10-ff1b8b8
[17:13:26] [Server thread/INFO]: [AuthMe] Loading AuthMe v5.6.0-bCUSTOM
[17:13:26] [Server thread/INFO]: Server permissions file permissions.yml is empty, ignoring it
[17:13:26] [Server thread/INFO]: [ViaRewind] Enabling ViaRewind v4.0.7
[17:13:26] [Server thread/INFO]: [LuckPerms] Enabling LuckPerms v5.5.8
[17:13:26] [Netty Epoll Server IO #1/INFO]: [packetevents] Disconnected null due to invalid packet!
[17:13:26] [Netty Epoll Server IO #1/INFO]: [packetevents] lol.pyr.znpcsplus.libraries.packetevents.api.exception.PacketProcessException: Failed to map the Packet ID 69 to a PacketType constant. Bound: SERVER, Connection state: PLAY, Server version: 1.12.2
[17:13:26] [Netty Epoll Server IO #1/INFO]: [packetevents] Disconnected null due to invalid packet!
[17:13:26] [Netty Epoll Server IO #1/INFO]: [packetevents] lol.pyr.znpcsplus.libraries.packetevents.api.exception.PacketProcessException: Failed to map the Packet ID 116 to a PacketType constant. Bound: SERVER, Connection state: PLAY, Server version: 1.12.2
[17:13:26] [Netty Epoll Server IO #1/INFO]: [packetevents] Disconnected null due to invalid packet!
[17:13:26] [Netty Epoll Server IO #1/INFO]: [packetevents] lol.pyr.znpcsplus.libraries.packetevents.api.exception.PacketProcessException: Failed to map the Packet ID 116 to a PacketType constant. Bound: SERVER, Connection state: PLAY, Server version: 1.12.2
[17:13:26] [Netty Epoll Server IO #1/INFO]: [packetevents] Disconnected null due to invalid packet!
[17:13:26] [Netty Epoll Server IO #1/INFO]: [packetevents] lol.pyr.znpcsplus.libraries.packetevents.api.exception.PacketProcessException: Failed to map the Packet ID 95 to a PacketType constant. Bound: SERVER, Connection state: PLAY, Server version: 1.12.2
[17:13:26] [Netty Epoll Server IO #1/INFO]: [packetevents] Disconnected null due to invalid packet!
[17:13:26] [Netty Epoll Server IO #1/INFO]: [packetevents] lol.pyr.znpcsplus.libraries.packetevents.api.exception.PacketProcessException: Failed to map the Packet ID 95 to a PacketType constant. Bound: SERVER, Connection state: PLAY, Server version: 1.12.2
[17:13:26] [Netty Epoll Server IO #1/INFO]: [packetevents] Disconnected null due to invalid packet!
[17:13:26] [Netty Epoll Server IO #1/INFO]: [packetevents] lol.pyr.znpcsplus.libraries.packetevents.api.exception.PacketProcessException: Failed to map the Packet ID 100 to a PacketType constant. Bound: SERVER, Connection state: PLAY, Server version: 1.12.2
[17:13:26] [Netty Epoll Server IO #1/INFO]: [packetevents] Disconnected null due to invalid packet!
[17:13:26] [Netty Epoll Server IO #1/INFO]: [packetevents] lol.pyr.znpcsplus.libraries.packetevents.api.exception.PacketProcessException: Failed to map the Packet ID 100 to a PacketType constant. Bound: SERVER, Connection state: PLAY, Server version: 1.12.2
[17:13:26] [Netty Epoll Server IO #1/INFO]: [packetevents] Disconnected null due to invalid packet!
[17:13:26] [Netty Epoll Server IO #1/INFO]: [packetevents] lol.pyr.znpcsplus.libraries.packetevents.api.exception.PacketProcessException: Failed to map the Packet ID 118 to a PacketType constant. Bound: SERVER, Connection state: PLAY, Server version: 1.12.2
[17:13:26] [Netty Epoll Server IO #1/INFO]: [packetevents] Disconnected null due to invalid packet!
[17:13:26] [Netty Epoll Server IO #1/INFO]: [packetevents] lol.pyr.znpcsplus.libraries.packetevents.api.exception.PacketProcessException: Failed to map the Packet ID 118 to a PacketType constant. Bound: SERVER, Connection state: PLAY, Server version: 1.12.2
[17:13:26] [Netty Epoll Server IO #1/INFO]: [packetevents] Disconnected null due to invalid packet!
[17:13:26] [Netty Epoll Server IO #1/INFO]: [packetevents] lol.pyr.znpcsplus.libraries.packetevents.api.exception.PacketProcessException: Failed to map the Packet ID 111 to a PacketType constant. Bound: SERVER, Connection state: PLAY, Server version: 1.12.2
[17:13:26] [Netty Epoll Server IO #1/INFO]: [packetevents] Disconnected null due to invalid packet!
[17:13:26] [Netty Epoll Server IO #1/INFO]: [packetevents] lol.pyr.znpcsplus.libraries.packetevents.api.exception.PacketProcessException: Failed to map the Packet ID 111 to a PacketType constant. Bound: SERVER, Connection state: PLAY, Server version: 1.12.2
[17:13:26] [Netty Epoll Server IO #1/INFO]: [packetevents] Disconnected null due to invalid packet!
[17:13:27] [Server thread/INFO]:         __    
[17:13:27] [Server thread/INFO]:   |    |__)   LuckPerms v5.5.8
[17:13:27] [Server thread/INFO]:   |___ |      Running on Bukkit - Paper
[17:13:27] [Server thread/INFO]: 
[17:13:28] [Server thread/INFO]: [LuckPerms] Loading storage provider... [H2]
[17:13:30] [Server thread/INFO]: [LuckPerms] Loading internal permission managers...
[17:13:30] [Server thread/INFO]: [LuckPerms] Performing initial data load...
[17:13:31] [Server thread/INFO]: [LuckPerms] Successfully enabled. (took 4927ms)
[17:13:31] [Server thread/INFO]: [ProtocolLib] Enabling ProtocolLib v5.1.0
[17:13:31] [Server thread/INFO]: [SkinsRestorer] Enabling SkinsRestorer v15.7.1
[17:13:33] [Server thread/INFO]: [33;1m[[32;22mSkinsRestorer[33;1m] [0;39m[32;1mRunning on Minecraft [33;1m1.12.2[32;1m.[0;39m
[17:13:35] [Server thread/INFO]: [33;1m[[32;22mSkinsRestorer[33;1m] [0;39mUsing paper join listener![0;39m
[17:13:35] [Server thread/INFO]: [PlaceholderAPI] Successfully registered internal expansion: skinsrestorer [15.7.1]
[17:13:35] [Server thread/INFO]: [33;1m[[32;22mSkinsRestorer[33;1m] [0;39mPlaceholderAPI expansion registered![0;39m
[17:13:35] [Server thread/WARN]: [33;1m[[32;22mSkinsRestorer[33;1m] [0;39m[33;1m[33;1mPlease update your Java runtime to at least Java 21 (your version is 17).[0;39m
[17:13:35] [Server thread/WARN]: [33;1m[[32;22mSkinsRestorer[33;1m] [0;39m[33;1m[33;1mAt some point in the future, SkinsRestorer will no longer be compatible with this version of Java.[0;39m
[17:13:35] [Server thread/INFO]: [Vault] Enabling Vault v1.5.6-b49
[17:13:35] [Server thread/INFO]: [Vault] [Economy] Essentials Economy found: Waiting
[17:13:35] [Server thread/INFO]: [Vault] [Permission] SuperPermissions loaded as backup permission system.
[17:13:35] [Server thread/INFO]: [Vault] Enabled Version 1.5.6-b49
[17:13:35] [Server thread/INFO]: [LuckPerms] Registered Vault permission & chat hook.
[17:13:35] [Server thread/INFO]: [Magic] Enabling Magic v10.9.8-2d84e24
[17:13:35] [Server thread/INFO]: [Magic] EffectLib initialized
[17:13:35] [Server thread/INFO]: [Magic]  Using compatibility configs: examples/versions/1.12/config.yml
[17:13:35] [Server thread/INFO]: [Magic]  Using compatibility configs: examples/versions/1.12/config.yml
[17:13:36] [Server thread/INFO]: [Magic]  Using compatibility configs: examples/versions/1.12/materials.yml
[17:13:37] [Server thread/INFO]: [Magic]  Using compatibility configs: examples/versions/1.12/spells.yml
[17:13:37] [Server thread/INFO]: [Magic]  Using compatibility configs: examples/versions/1.12/wands.yml
[17:13:38] [Server thread/ERROR]: [org.bukkit.configuration.serialization.ConfigurationSerialization] Could not call method 'public static org.bukkit.inventory.meta.ItemMeta org.bukkit.craftbukkit.v1_12_R1.inventory.CraftMetaItem$SerializableMeta.deserialize(java.util.Map) throws java.lang.Throwable' of class org.bukkit.craftbukkit.v1_12_R1.inventory.CraftMetaItem$SerializableMeta for deserialization
java.lang.IllegalArgumentException: COMPASS is not a valid meta-type
	at org.bukkit.craftbukkit.v1_12_R1.inventory.CraftMetaItem$SerializableMeta.deserialize(CraftMetaItem.java:157) ~[patched_1.12.2.jar:git-Paper-1620]
	at jdk.internal.reflect.GeneratedMethodAccessor21.invoke(Unknown Source) ~[?:?]
	at jdk.internal.reflect.DelegatingMethodAccessorImpl.invoke(DelegatingMethodAccessorImpl.java:43) ~[?:?]
	at java.lang.reflect.Method.invoke(Method.java:569) ~[?:?]
	at org.bukkit.configuration.serialization.ConfigurationSerialization.deserializeViaMethod(ConfigurationSerialization.java:79) ~[patched_1.12.2.jar:git-Paper-1620]
	at org.bukkit.configuration.serialization.ConfigurationSerialization.deserialize(ConfigurationSerialization.java:119) ~[patched_1.12.2.jar:git-Paper-1620]
	at org.bukkit.configuration.serialization.ConfigurationSerialization.deserializeObject(ConfigurationSerialization.java:197) ~[patched_1.12.2.jar:git-Paper-1620]
	at org.bukkit.configuration.file.YamlConstructor$ConstructCustomObject.construct(YamlConstructor.java:35) ~[patched_1.12.2.jar:git-Paper-1620]
	at org.yaml.snakeyaml.constructor.BaseConstructor.constructObjectNoCheck(BaseConstructor.java:207) ~[patched_1.12.2.jar:git-Paper-1620]
	at org.yaml.snakeyaml.constructor.BaseConstructor.constructObject(BaseConstructor.java:196) ~[patched_1.12.2.jar:git-Paper-1620]
	at org.yaml.snakeyaml.constructor.BaseConstructor.constructMapping2ndStep(BaseConstructor.java:462) ~[patched_1.12.2.jar:git-Paper-1620]
	at org.yaml.snakeyaml.constructor.SafeConstructor.constructMapping2ndStep(SafeConstructor.java:183) ~[patched_1.12.2.jar:git-Paper-1620]
	at org.yaml.snakeyaml.constructor.BaseConstructor.constructMapping(BaseConstructor.java:443) ~[patched_1.12.2.jar:git-Paper-1620]
	at org.yaml.snakeyaml.constructor.SafeConstructor$ConstructYamlMap.construct(SafeConstructor.java:519) ~[patched_1.12.2.jar:git-Paper-1620]
	at org.bukkit.configuration.file.YamlConstructor$ConstructCustomObject.construct(YamlConstructor.java:26) ~[patched_1.12.2.jar:git-Paper-1620]
	at org.yaml.snakeyaml.constructor.BaseConstructor.constructObjectNoCheck(BaseConstructor.java:207) ~[patched_1.12.2.jar:git-Paper-1620]
	at org.yaml.snakeyaml.constructor.BaseConstructor.constructObject(BaseConstructor.java:196) ~[patched_1.12.2.jar:git-Paper-1620]
	at org.yaml.snakeyaml.constructor.BaseConstructor.constructMapping2ndStep(BaseConstructor.java:462) ~[patched_1.12.2.jar:git-Paper-1620]
	at org.yaml.snakeyaml.constructor.SafeConstructor.constructMapping2ndStep(SafeConstructor.java:183) ~[patched_1.12.2.jar:git-Paper-1620]
	at org.yaml.snakeyaml.constructor.BaseConstructor.constructMapping(BaseConstructor.java:443) ~[patched_1.12.2.jar:git-Paper-1620]
	at org.yaml.snakeyaml.constructor.SafeConstructor$ConstructYamlMap.construct(SafeConstructor.java:519) ~[patched_1.12.2.jar:git-Paper-1620]
	at org.bukkit.configuration.file.YamlConstructor$ConstructCustomObject.construct(YamlConstructor.java:26) ~[patched_1.12.2.jar:git-Paper-1620]
	at org.yaml.snakeyaml.constructor.BaseConstructor.constructObjectNoCheck(BaseConstructor.java:207) ~[patched_1.12.2.jar:git-Paper-1620]
	at org.yaml.snakeyaml.constructor.BaseConstructor.constructObject(BaseConstructor.java:196) ~[patched_1.12.2.jar:git-Paper-1620]
	at org.yaml.snakeyaml.constructor.BaseConstructor.constructMapping2ndStep(BaseConstructor.java:462) ~[patched_1.12.2.jar:git-Paper-1620]
	at org.yaml.snakeyaml.constructor.SafeConstructor.constructMapping2ndStep(SafeConstructor.java:183) ~[patched_1.12.2.jar:git-Paper-1620]
	at org.yaml.snakeyaml.constructor.BaseConstructor.constructMapping(BaseConstructor.java:443) ~[patched_1.12.2.jar:git-Paper-1620]
	at org.yaml.snakeyaml.constructor.SafeConstructor$ConstructYamlMap.construct(SafeConstructor.java:519) ~[patched_1.12.2.jar:git-Paper-1620]
	at org.bukkit.configuration.file.YamlConstructor$ConstructCustomObject.construct(YamlConstructor.java:26) ~[patched_1.12.2.jar:git-Paper-1620]
	at org.yaml.snakeyaml.constructor.BaseConstructor.constructObjectNoCheck(BaseConstructor.java:207) ~[patched_1.12.2.jar:git-Paper-1620]
	at org.yaml.snakeyaml.constructor.BaseConstructor.constructObject(BaseConstructor.java:196) ~[patched_1.12.2.jar:git-Paper-1620]
	at org.yaml.snakeyaml.constructor.BaseConstructor.constructDocument(BaseConstructor.java:161) ~[patched_1.12.2.jar:git-Paper-1620]
	at org.yaml.snakeyaml.constructor.BaseConstructor.getSingleData(BaseConstructor.java:147) ~[patched_1.12.2.jar:git-Paper-1620]
	at org.yaml.snakeyaml.Yaml.loadFromReader(Yaml.java:524) ~[patched_1.12.2.jar:git-Paper-1620]
	at org.yaml.snakeyaml.Yaml.load(Yaml.java:437) ~[patched_1.12.2.jar:git-Paper-1620]
	at org.bukkit.configuration.file.YamlConfiguration.loadFromString(YamlConfiguration.java:53) ~[patched_1.12.2.jar:git-Paper-1620]
	at org.bukkit.configuration.file.FileConfiguration.load(FileConfiguration.java:162) ~[patched_1.12.2.jar:git-Paper-1620]
	at com.elmakers.mine.bukkit.utility.platform.base.CompatibilityUtilsBase.loadConfiguration(CompatibilityUtilsBase.java:275) ~[?:?]
	at com.elmakers.mine.bukkit.tasks.ConfigurationLoadTask.loadExampleConfiguration(ConfigurationLoadTask.java:165) ~[?:?]
	at com.elmakers.mine.bukkit.tasks.ConfigurationLoadTask.loadExampleConfiguration(ConfigurationLoadTask.java:115) ~[?:?]
	at com.elmakers.mine.bukkit.tasks.ConfigurationLoadTask.loadConfigFile(ConfigurationLoadTask.java:526) ~[?:?]
	at com.elmakers.mine.bukkit.tasks.ConfigurationLoadTask.run(ConfigurationLoadTask.java:973) ~[?:?]
	at com.elmakers.mine.bukkit.tasks.ConfigurationLoadTask.runNow(ConfigurationLoadTask.java:1019) ~[?:?]
	at com.elmakers.mine.bukkit.magic.MagicController.loadConfiguration(MagicController.java:2615) ~[?:?]
	at com.elmakers.mine.bukkit.magic.MagicController.loadConfiguration(MagicController.java:2592) ~[?:?]
	at com.elmakers.mine.bukkit.magic.MagicController.loadConfiguration(MagicController.java:2588) ~[?:?]
	at com.elmakers.mine.bukkit.magic.MagicController.loadConfiguration(MagicController.java:2580) ~[?:?]
	at com.elmakers.mine.bukkit.magic.MagicController.load(MagicController.java:2654) ~[?:?]
	at com.elmakers.mine.bukkit.magic.MagicController.initialize(MagicController.java:1576) ~[?:?]
	at com.elmakers.mine.bukkit.magic.MagicPlugin.initialize(MagicPlugin.java:190) ~[?:?]
	at com.elmakers.mine.bukkit.magic.MagicPlugin.onEnable(MagicPlugin.java:184) ~[?:?]
	at org.bukkit.plugin.java.JavaPlugin.setEnabled(JavaPlugin.java:264) ~[patched_1.12.2.jar:git-Paper-1620]
	at org.bukkit.plugin.java.JavaPluginLoader.enablePlugin(JavaPluginLoader.java:316) ~[patched_1.12.2.jar:git-Paper-1620]
	at org.bukkit.plugin.SimplePluginManager.enablePlugin(SimplePluginManager.java:405) ~[patched_1.12.2.jar:git-Paper-1620]
	at org.bukkit.craftbukkit.v1_12_R1.CraftServer.enablePlugin(CraftServer.java:395) ~[patched_1.12.2.jar:git-Paper-1620]
	at org.bukkit.craftbukkit.v1_12_R1.CraftServer.enablePlugins(CraftServer.java:344) ~[patched_1.12.2.jar:git-Paper-1620]
	at net.minecraft.server.v1_12_R1.DedicatedServer.init(DedicatedServer.java:223) ~[patched_1.12.2.jar:git-Paper-1620]
	at net.minecraft.server.v1_12_R1.MinecraftServer.run(MinecraftServer.java:616) ~[patched_1.12.2.jar:git-Paper-1620]
	at java.lang.Thread.run(Thread.java:840) [?:?]
[17:13:38] [Server thread/ERROR]: [org.bukkit.configuration.serialization.ConfigurationSerialization] Could not call method 'public static org.bukkit.inventory.meta.ItemMeta org.bukkit.craftbukkit.v1_12_R1.inventory.CraftMetaItem$SerializableMeta.deserialize(java.util.Map) throws java.lang.Throwable' of class org.bukkit.craftbukkit.v1_12_R1.inventory.CraftMetaItem$SerializableMeta for deserialization
java.lang.IllegalArgumentException: COMPASS is not a valid meta-type
	at org.bukkit.craftbukkit.v1_12_R1.inventory.CraftMetaItem$SerializableMeta.deserialize(CraftMetaItem.java:157) ~[patched_1.12.2.jar:git-Paper-1620]
	at jdk.internal.reflect.GeneratedMethodAccessor21.invoke(Unknown Source) ~[?:?]
	at jdk.internal.reflect.DelegatingMethodAccessorImpl.invoke(DelegatingMethodAccessorImpl.java:43) ~[?:?]
	at java.lang.reflect.Method.invoke(Method.java:569) ~[?:?]
	at org.bukkit.configuration.serialization.ConfigurationSerialization.deserializeViaMethod(ConfigurationSerialization.java:79) ~[patched_1.12.2.jar:git-Paper-1620]
	at org.bukkit.configuration.serialization.ConfigurationSerialization.deserialize(ConfigurationSerialization.java:119) ~[patched_1.12.2.jar:git-Paper-1620]
	at org.bukkit.configuration.serialization.ConfigurationSerialization.deserializeObject(ConfigurationSerialization.java:197) ~[patched_1.12.2.jar:git-Paper-1620]
	at org.bukkit.configuration.file.YamlConstructor$ConstructCustomObject.construct(YamlConstructor.java:35) ~[patched_1.12.2.jar:git-Paper-1620]
	at org.yaml.snakeyaml.constructor.BaseConstructor.constructObjectNoCheck(BaseConstructor.java:207) ~[patched_1.12.2.jar:git-Paper-1620]
	at org.yaml.snakeyaml.constructor.BaseConstructor.constructObject(BaseConstructor.java:196) ~[patched_1.12.2.jar:git-Paper-1620]
	at org.yaml.snakeyaml.constructor.BaseConstructor.constructMapping2ndStep(BaseConstructor.java:462) ~[patched_1.12.2.jar:git-Paper-1620]
	at org.yaml.snakeyaml.constructor.SafeConstructor.constructMapping2ndStep(SafeConstructor.java:183) ~[patched_1.12.2.jar:git-Paper-1620]
	at org.yaml.snakeyaml.constructor.BaseConstructor.constructMapping(BaseConstructor.java:443) ~[patched_1.12.2.jar:git-Paper-1620]
	at org.yaml.snakeyaml.constructor.SafeConstructor$ConstructYamlMap.construct(SafeConstructor.java:519) ~[patched_1.12.2.jar:git-Paper-1620]
	at org.bukkit.configuration.file.YamlConstructor$ConstructCustomObject.construct(YamlConstructor.java:26) ~[patched_1.12.2.jar:git-Paper-1620]
	at org.yaml.snakeyaml.constructor.BaseConstructor.constructObjectNoCheck(BaseConstructor.java:207) ~[patched_1.12.2.jar:git-Paper-1620]
	at org.yaml.snakeyaml.constructor.BaseConstructor.constructObject(BaseConstructor.java:196) ~[patched_1.12.2.jar:git-Paper-1620]
	at org.yaml.snakeyaml.constructor.BaseConstructor.constructMapping2ndStep(BaseConstructor.java:462) ~[patched_1.12.2.jar:git-Paper-1620]
	at org.yaml.snakeyaml.constructor.SafeConstructor.constructMapping2ndStep(SafeConstructor.java:183) ~[patched_1.12.2.jar:git-Paper-1620]
	at org.yaml.snakeyaml.constructor.BaseConstructor.constructMapping(BaseConstructor.java:443) ~[patched_1.12.2.jar:git-Paper-1620]
	at org.yaml.snakeyaml.constructor.SafeConstructor$ConstructYamlMap.construct(SafeConstructor.java:519) ~[patched_1.12.2.jar:git-Paper-1620]
	at org.bukkit.configuration.file.YamlConstructor$ConstructCustomObject.construct(YamlConstructor.java:26) ~[patched_1.12.2.jar:git-Paper-1620]
	at org.yaml.snakeyaml.constructor.BaseConstructor.constructObjectNoCheck(BaseConstructor.java:207) ~[patched_1.12.2.jar:git-Paper-1620]
	at org.yaml.snakeyaml.constructor.BaseConstructor.constructObject(BaseConstructor.java:196) ~[patched_1.12.2.jar:git-Paper-1620]
	at org.yaml.snakeyaml.constructor.BaseConstructor.constructMapping2ndStep(BaseConstructor.java:462) ~[patched_1.12.2.jar:git-Paper-1620]
	at org.yaml.snakeyaml.constructor.SafeConstructor.constructMapping2ndStep(SafeConstructor.java:183) ~[patched_1.12.2.jar:git-Paper-1620]
	at org.yaml.snakeyaml.constructor.BaseConstructor.constructMapping(BaseConstructor.java:443) ~[patched_1.12.2.jar:git-Paper-1620]
	at org.yaml.snakeyaml.constructor.SafeConstructor$ConstructYamlMap.construct(SafeConstructor.java:519) ~[patched_1.12.2.jar:git-Paper-1620]
	at org.bukkit.configuration.file.YamlConstructor$ConstructCustomObject.construct(YamlConstructor.java:26) ~[patched_1.12.2.jar:git-Paper-1620]
	at org.yaml.snakeyaml.constructor.BaseConstructor.constructObjectNoCheck(BaseConstructor.java:207) ~[patched_1.12.2.jar:git-Paper-1620]
	at org.yaml.snakeyaml.constructor.BaseConstructor.constructObject(BaseConstructor.java:196) ~[patched_1.12.2.jar:git-Paper-1620]
	at org.yaml.snakeyaml.constructor.BaseConstructor.constructDocument(BaseConstructor.java:161) ~[patched_1.12.2.jar:git-Paper-1620]
	at org.yaml.snakeyaml.constructor.BaseConstructor.getSingleData(BaseConstructor.java:147) ~[patched_1.12.2.jar:git-Paper-1620]
	at org.yaml.snakeyaml.Yaml.loadFromReader(Yaml.java:524) ~[patched_1.12.2.jar:git-Paper-1620]
	at org.yaml.snakeyaml.Yaml.load(Yaml.java:437) ~[patched_1.12.2.jar:git-Paper-1620]
	at org.bukkit.configuration.file.YamlConfiguration.loadFromString(YamlConfiguration.java:53) ~[patched_1.12.2.jar:git-Paper-1620]
	at org.bukkit.configuration.file.FileConfiguration.load(FileConfiguration.java:162) ~[patched_1.12.2.jar:git-Paper-1620]
	at com.elmakers.mine.bukkit.utility.platform.base.CompatibilityUtilsBase.loadConfiguration(CompatibilityUtilsBase.java:275) ~[?:?]
	at com.elmakers.mine.bukkit.tasks.ConfigurationLoadTask.loadExampleConfiguration(ConfigurationLoadTask.java:165) ~[?:?]
	at com.elmakers.mine.bukkit.tasks.ConfigurationLoadTask.loadExampleConfiguration(ConfigurationLoadTask.java:115) ~[?:?]
	at com.elmakers.mine.bukkit.tasks.ConfigurationLoadTask.loadConfigFile(ConfigurationLoadTask.java:526) ~[?:?]
	at com.elmakers.mine.bukkit.tasks.ConfigurationLoadTask.run(ConfigurationLoadTask.java:973) ~[?:?]
	at com.elmakers.mine.bukkit.tasks.ConfigurationLoadTask.runNow(ConfigurationLoadTask.java:1019) ~[?:?]
	at com.elmakers.mine.bukkit.magic.MagicController.loadConfiguration(MagicController.java:2615) ~[?:?]
	at com.elmakers.mine.bukkit.magic.MagicController.loadConfiguration(MagicController.java:2592) ~[?:?]
	at com.elmakers.mine.bukkit.magic.MagicController.loadConfiguration(MagicController.java:2588) ~[?:?]
	at com.elmakers.mine.bukkit.magic.MagicController.loadConfiguration(MagicController.java:2580) ~[?:?]
	at com.elmakers.mine.bukkit.magic.MagicController.load(MagicController.java:2654) ~[?:?]
	at com.elmakers.mine.bukkit.magic.MagicController.initialize(MagicController.java:1576) ~[?:?]
	at com.elmakers.mine.bukkit.magic.MagicPlugin.initialize(MagicPlugin.java:190) ~[?:?]
	at com.elmakers.mine.bukkit.magic.MagicPlugin.onEnable(MagicPlugin.java:184) ~[?:?]
	at org.bukkit.plugin.java.JavaPlugin.setEnabled(JavaPlugin.java:264) ~[patched_1.12.2.jar:git-Paper-1620]
	at org.bukkit.plugin.java.JavaPluginLoader.enablePlugin(JavaPluginLoader.java:316) ~[patched_1.12.2.jar:git-Paper-1620]
	at org.bukkit.plugin.SimplePluginManager.enablePlugin(SimplePluginManager.java:405) ~[patched_1.12.2.jar:git-Paper-1620]
	at org.bukkit.craftbukkit.v1_12_R1.CraftServer.enablePlugin(CraftServer.java:395) ~[patched_1.12.2.jar:git-Paper-1620]
	at org.bukkit.craftbukkit.v1_12_R1.CraftServer.enablePlugins(CraftServer.java:344) ~[patched_1.12.2.jar:git-Paper-1620]
	at net.minecraft.server.v1_12_R1.DedicatedServer.init(DedicatedServer.java:223) ~[patched_1.12.2.jar:git-Paper-1620]
	at net.minecraft.server.v1_12_R1.MinecraftServer.run(MinecraftServer.java:616) ~[patched_1.12.2.jar:git-Paper-1620]
	at java.lang.Thread.run(Thread.java:840) [?:?]
[17:13:38] [Server thread/ERROR]: [org.bukkit.configuration.serialization.ConfigurationSerialization] Could not call method 'public static org.bukkit.inventory.meta.ItemMeta org.bukkit.craftbukkit.v1_12_R1.inventory.CraftMetaItem$SerializableMeta.deserialize(java.util.Map) throws java.lang.Throwable' of class org.bukkit.craftbukkit.v1_12_R1.inventory.CraftMetaItem$SerializableMeta for deserialization
java.lang.IllegalArgumentException: COMPASS is not a valid meta-type
	at org.bukkit.craftbukkit.v1_12_R1.inventory.CraftMetaItem$SerializableMeta.deserialize(CraftMetaItem.java:157) ~[patched_1.12.2.jar:git-Paper-1620]
	at jdk.internal.reflect.GeneratedMethodAccessor21.invoke(Unknown Source) ~[?:?]
	at jdk.internal.reflect.DelegatingMethodAccessorImpl.invoke(DelegatingMethodAccessorImpl.java:43) ~[?:?]
	at java.lang.reflect.Method.invoke(Method.java:569) ~[?:?]
	at org.bukkit.configuration.serialization.ConfigurationSerialization.deserializeViaMethod(ConfigurationSerialization.java:79) ~[patched_1.12.2.jar:git-Paper-1620]
	at org.bukkit.configuration.serialization.ConfigurationSerialization.deserialize(ConfigurationSerialization.java:119) ~[patched_1.12.2.jar:git-Paper-1620]
	at org.bukkit.configuration.serialization.ConfigurationSerialization.deserializeObject(ConfigurationSerialization.java:197) ~[patched_1.12.2.jar:git-Paper-1620]
	at org.bukkit.configuration.file.YamlConstructor$ConstructCustomObject.construct(YamlConstructor.java:35) ~[patched_1.12.2.jar:git-Paper-1620]
	at org.yaml.snakeyaml.constructor.BaseConstructor.constructObjectNoCheck(BaseConstructor.java:207) ~[patched_1.12.2.jar:git-Paper-1620]
	at org.yaml.snakeyaml.constructor.BaseConstructor.constructObject(BaseConstructor.java:196) ~[patched_1.12.2.jar:git-Paper-1620]
	at org.yaml.snakeyaml.constructor.BaseConstructor.constructMapping2ndStep(BaseConstructor.java:462) ~[patched_1.12.2.jar:git-Paper-1620]
	at org.yaml.snakeyaml.constructor.SafeConstructor.constructMapping2ndStep(SafeConstructor.java:183) ~[patched_1.12.2.jar:git-Paper-1620]
	at org.yaml.snakeyaml.constructor.BaseConstructor.constructMapping(BaseConstructor.java:443) ~[patched_1.12.2.jar:git-Paper-1620]
	at org.yaml.snakeyaml.constructor.SafeConstructor$ConstructYamlMap.construct(SafeConstructor.java:519) ~[patched_1.12.2.jar:git-Paper-1620]
	at org.bukkit.configuration.file.YamlConstructor$ConstructCustomObject.construct(YamlConstructor.java:26) ~[patched_1.12.2.jar:git-Paper-1620]
	at org.yaml.snakeyaml.constructor.BaseConstructor.constructObjectNoCheck(BaseConstructor.java:207) ~[patched_1.12.2.jar:git-Paper-1620]
	at org.yaml.snakeyaml.constructor.BaseConstructor.constructObject(BaseConstructor.java:196) ~[patched_1.12.2.jar:git-Paper-1620]
	at org.yaml.snakeyaml.constructor.BaseConstructor.constructMapping2ndStep(BaseConstructor.java:462) ~[patched_1.12.2.jar:git-Paper-1620]
	at org.yaml.snakeyaml.constructor.SafeConstructor.constructMapping2ndStep(SafeConstructor.java:183) ~[patched_1.12.2.jar:git-Paper-1620]
	at org.yaml.snakeyaml.constructor.BaseConstructor.constructMapping(BaseConstructor.java:443) ~[patched_1.12.2.jar:git-Paper-1620]
	at org.yaml.snakeyaml.constructor.SafeConstructor$ConstructYamlMap.construct(SafeConstructor.java:519) ~[patched_1.12.2.jar:git-Paper-1620]
	at org.bukkit.configuration.file.YamlConstructor$ConstructCustomObject.construct(YamlConstructor.java:26) ~[patched_1.12.2.jar:git-Paper-1620]
	at org.yaml.snakeyaml.constructor.BaseConstructor.constructObjectNoCheck(BaseConstructor.java:207) ~[patched_1.12.2.jar:git-Paper-1620]
	at org.yaml.snakeyaml.constructor.BaseConstructor.constructObject(BaseConstructor.java:196) ~[patched_1.12.2.jar:git-Paper-1620]
	at org.yaml.snakeyaml.constructor.BaseConstructor.constructMapping2ndStep(BaseConstructor.java:462) ~[patched_1.12.2.jar:git-Paper-1620]
	at org.yaml.snakeyaml.constructor.SafeConstructor.constructMapping2ndStep(SafeConstructor.java:183) ~[patched_1.12.2.jar:git-Paper-1620]
	at org.yaml.snakeyaml.constructor.BaseConstructor.constructMapping(BaseConstructor.java:443) ~[patched_1.12.2.jar:git-Paper-1620]
	at org.yaml.snakeyaml.constructor.SafeConstructor$ConstructYamlMap.construct(SafeConstructor.java:519) ~[patched_1.12.2.jar:git-Paper-1620]
	at org.bukkit.configuration.file.YamlConstructor$ConstructCustomObject.construct(YamlConstructor.java:26) ~[patched_1.12.2.jar:git-Paper-1620]
	at org.yaml.snakeyaml.constructor.BaseConstructor.constructObjectNoCheck(BaseConstructor.java:207) ~[patched_1.12.2.jar:git-Paper-1620]
	at org.yaml.snakeyaml.constructor.BaseConstructor.constructObject(BaseConstructor.java:196) ~[patched_1.12.2.jar:git-Paper-1620]
	at org.yaml.snakeyaml.constructor.BaseConstructor.constructDocument(BaseConstructor.java:161) ~[patched_1.12.2.jar:git-Paper-1620]
	at org.yaml.snakeyaml.constructor.BaseConstructor.getSingleData(BaseConstructor.java:147) ~[patched_1.12.2.jar:git-Paper-1620]
	at org.yaml.snakeyaml.Yaml.loadFromReader(Yaml.java:524) ~[patched_1.12.2.jar:git-Paper-1620]
	at org.yaml.snakeyaml.Yaml.load(Yaml.java:437) ~[patched_1.12.2.jar:git-Paper-1620]
	at org.bukkit.configuration.file.YamlConfiguration.loadFromString(YamlConfiguration.java:53) ~[patched_1.12.2.jar:git-Paper-1620]
	at org.bukkit.configuration.file.FileConfiguration.load(FileConfiguration.java:162) ~[patched_1.12.2.jar:git-Paper-1620]
	at com.elmakers.mine.bukkit.utility.platform.base.CompatibilityUtilsBase.loadConfiguration(CompatibilityUtilsBase.java:275) ~[?:?]
	at com.elmakers.mine.bukkit.tasks.ConfigurationLoadTask.loadExampleConfiguration(ConfigurationLoadTask.java:165) ~[?:?]
	at com.elmakers.mine.bukkit.tasks.ConfigurationLoadTask.loadExampleConfiguration(ConfigurationLoadTask.java:115) ~[?:?]
	at com.elmakers.mine.bukkit.tasks.ConfigurationLoadTask.loadConfigFile(ConfigurationLoadTask.java:526) ~[?:?]
	at com.elmakers.mine.bukkit.tasks.ConfigurationLoadTask.run(ConfigurationLoadTask.java:973) ~[?:?]
	at com.elmakers.mine.bukkit.tasks.ConfigurationLoadTask.runNow(ConfigurationLoadTask.java:1019) ~[?:?]
	at com.elmakers.mine.bukkit.magic.MagicController.loadConfiguration(MagicController.java:2615) ~[?:?]
	at com.elmakers.mine.bukkit.magic.MagicController.loadConfiguration(MagicController.java:2592) ~[?:?]
	at com.elmakers.mine.bukkit.magic.MagicController.loadConfiguration(MagicController.java:2588) ~[?:?]
	at com.elmakers.mine.bukkit.magic.MagicController.loadConfiguration(MagicController.java:2580) ~[?:?]
	at com.elmakers.mine.bukkit.magic.MagicController.load(MagicController.java:2654) ~[?:?]
	at com.elmakers.mine.bukkit.magic.MagicController.initialize(MagicController.java:1576) ~[?:?]
	at com.elmakers.mine.bukkit.magic.MagicPlugin.initialize(MagicPlugin.java:190) ~[?:?]
	at com.elmakers.mine.bukkit.magic.MagicPlugin.onEnable(MagicPlugin.java:184) ~[?:?]
	at org.bukkit.plugin.java.JavaPlugin.setEnabled(JavaPlugin.java:264) ~[patched_1.12.2.jar:git-Paper-1620]
	at org.bukkit.plugin.java.JavaPluginLoader.enablePlugin(JavaPluginLoader.java:316) ~[patched_1.12.2.jar:git-Paper-1620]
	at org.bukkit.plugin.SimplePluginManager.enablePlugin(SimplePluginManager.java:405) ~[patched_1.12.2.jar:git-Paper-1620]
	at org.bukkit.craftbukkit.v1_12_R1.CraftServer.enablePlugin(CraftServer.java:395) ~[patched_1.12.2.jar:git-Paper-1620]
	at org.bukkit.craftbukkit.v1_12_R1.CraftServer.enablePlugins(CraftServer.java:344) ~[patched_1.12.2.jar:git-Paper-1620]
	at net.minecraft.server.v1_12_R1.DedicatedServer.init(DedicatedServer.java:223) ~[patched_1.12.2.jar:git-Paper-1620]
	at net.minecraft.server.v1_12_R1.MinecraftServer.run(MinecraftServer.java:616) ~[patched_1.12.2.jar:git-Paper-1620]
	at java.lang.Thread.run(Thread.java:840) [?:?]
[17:13:38] [Server thread/INFO]: [Magic]  Using compatibility configs: examples/versions/1.12/items.yml
[17:13:38] [Server thread/INFO]: [Magic]  Using compatibility configs: examples/versions/1.12/mobs.yml
[17:13:38] [Server thread/INFO]: [Magic] Loaded 0 attributes
[17:13:39] [Server thread/WARN]: [Magic] [33m Unknown entity type: fox in friendly_entity_types[0m
[17:13:39] [Server thread/WARN]: [Magic] [33m Unknown entity type: cat in friendly_entity_types[0m
[17:13:39] [Server thread/WARN]: [Magic] [33m Unknown entity type: strider in friendly_entity_types[0m
[17:13:39] [Server thread/INFO]: [Magic] Unknown container type in unstashable_containers list: barrel
[17:13:39] [Server thread/INFO]: [Magic] Unknown container type in unstashable_containers list: smoker
[17:13:39] [Server thread/INFO]: [Magic] Unknown container type in unstashable_containers list: blast_furnace
[17:13:39] [Server thread/INFO]: [Magic] Wand crafting is enabled
[17:13:39] [Server thread/INFO]: [Magic] Skin-based spell icons disabled
[17:13:39] [Server thread/INFO]: [Magic] Registered attributes: [target_fall_distance, arrow_knockback, regeneration, arrow_infinite, bowpower, degrees, seconds, target_pitch, dig_speed, humidity, pitch, jump, health_max, protection_fall, target_luck, target_light, blindness, absorption, target_armor, damage_undead, slow_digging, silk_touch, fire_resistance, unluck, invisibility, target_health_max, moon, air_max, slow, light, mana_max, water_worker, bowpull, damage, weeks, mending, epoch, protection_explosions, air, fast_digging, arrow_fire, lure, temperature, frost_walker, movement_speed_bps, protection_environmental, health_boost, levitation, increase_damage, poison, health, target_temperature, binding_curse, yaw, protection_projectile, mana, glowing, target_health, target_humidity, damage_arthropods, days, luck, thorns, target_hunger, location_x, location_y, target_mana, attack_damage, knockback, fire_aspect, knockback_resistance, saturation, location_z, target_air, oxygen, night_vision, level, minutes, durability, water_breathing, fall_distance, hunger, difficulty, armor, arrow_damage, fulltime, confusion, damage_dealt, harm, target_yaw, speed, damage_resistance, weakness, heal, loot_bonus_mobs, target_mana_max, protection_fire, hours, damage_all, velocity, sweeping_edge, target_air_max, movement_speed, play_time, depth_strider, xp, target_location_x, pi, target_location_y, vanishing_curse, target_knockback_resistance, target_location_z, time, wither, loot_bonus_blocks]
[17:13:39] [Server thread/INFO]: [Magic] Loaded 182 icons
[17:13:41] [Server thread/INFO]: [Magic] Loaded 12 effect lists
[17:13:41] [Server thread/INFO]: [Magic] Loaded 1403 items
[17:13:41] [Server thread/INFO]: [Magic] Loaded 198 wands
[17:13:41] [Server thread/INFO]: [Magic] Loaded 2 kits
[17:13:41] [Server thread/INFO]: [Magic] Loaded 10 classes
[17:13:41] [Server thread/INFO]: [Magic] Loaded 5 classes
[17:13:41] [Server thread/WARN]: [Magic] [33m Invalid villager_profession: FLETCHER[0m
[17:13:41] [Server thread/INFO]: [Magic] Loaded 49 mob templates
[17:13:41] [Server thread/INFO]: [Magic] Loaded 8 automata templates
[17:13:41] [Server thread/INFO]: [Magic] Loaded 0 customized worlds
[17:13:41] [Server thread/INFO]: [Magic] Activated BStats
[17:13:41] [Server thread/INFO]: [Magic] MobArena not found
[17:13:41] [Server thread/INFO]: [Magic] LibsDisguises not found, magic mob disguises will not be available
[17:13:41] [Server thread/INFO]: [Magic] ModelEngine integration disabled
[17:13:41] [Server thread/INFO]: Magic checking resource pack for updates: http://rp.elmakers.com/Magic-RP-7.zip
[17:13:41] [Server thread/WARN]: **** SERVER IS RUNNING IN OFFLINE/INSECURE MODE!
[17:13:41] [Server thread/WARN]: The server will make no attempt to authenticate usernames. Beware.
[17:13:41] [Server thread/WARN]: While this makes the game possible to play without internet access, it also opens up the ability for hackers to connect with any username they choose.
[17:13:41] [Server thread/WARN]: To change this, set "online-mode" to "true" in the server.properties file.
[17:13:41] [Server thread/INFO]: **** Beginning UUID conversion, this may take A LONG time ****
[17:13:41] [Server thread/INFO]: Preparing level "world"
[17:13:41] [Server thread/INFO]: -------- World Settings For [world] --------
[17:13:41] [Server thread/INFO]: Mob Spawn Range: 4
[17:13:41] [Server thread/INFO]: Cactus Growth Modifier: 100%
[17:13:41] [Server thread/INFO]: Cane Growth Modifier: 100%
[17:13:41] [Server thread/INFO]: Melon Growth Modifier: 100%
[17:13:41] [Server thread/INFO]: Mushroom Growth Modifier: 100%
[17:13:41] [Server thread/INFO]: Pumpkin Growth Modifier: 100%
[17:13:41] [Server thread/INFO]: Sapling Growth Modifier: 100%
[17:13:41] [Server thread/INFO]: Wheat Growth Modifier: 100%
[17:13:41] [Server thread/INFO]: NetherWart Growth Modifier: 100%
[17:13:41] [Server thread/INFO]: Vine Growth Modifier: 100%
[17:13:41] [Server thread/INFO]: Cocoa Growth Modifier: 100%
[17:13:41] [Server thread/INFO]: Entity Activation Range: An 32 / Mo 32 / Mi 16 / Tiv true
[17:13:41] [Server thread/INFO]: Entity Tracking Range: Pl 48 / An 48 / Mo 48 / Mi 32 / Other 64
[17:13:41] [Server thread/INFO]: Hopper Transfer: 8 Hopper Check: 1 Hopper Amount: 1
[17:13:41] [Server thread/INFO]: Random Lighting Updates: false
[17:13:41] [Server thread/INFO]: Structure Info Saving: true
[17:13:41] [Server thread/INFO]: Custom Map Seeds:  Village: 10387312 Feature: 14357617 Monument: 10387313 Slime: 987234911
[17:13:41] [Server thread/INFO]: Max TNT Explosions: 100
[17:13:41] [Server thread/INFO]: Tile Max Tick Time: 50ms Entity max Tick Time: 50ms
[17:13:41] [Server thread/INFO]: Item Despawn Rate: 6000
[17:13:41] [Server thread/INFO]: Item Merge Radius: 2.5
[17:13:41] [Server thread/INFO]: View Distance: 6
[17:13:41] [Server thread/INFO]: Arrow Despawn Rate: 1200
[17:13:41] [Server thread/INFO]: Allow Zombie Pigmen to spawn from portal blocks: true
[17:13:41] [Server thread/INFO]: Experience Merge Radius: 3.0
[17:13:41] [Server thread/INFO]: Zombie Aggressive Towards Villager: true
[17:13:41] [Server thread/INFO]: Nerfing mobs spawned from spawners: false
[17:13:42] [Server thread/INFO]: -------- World Settings For [world_nether] --------
[17:13:42] [Server thread/INFO]: Mob Spawn Range: 4
[17:13:42] [Server thread/INFO]: Cactus Growth Modifier: 100%
[17:13:42] [Server thread/INFO]: Cane Growth Modifier: 100%
[17:13:42] [Server thread/INFO]: Melon Growth Modifier: 100%
[17:13:42] [Server thread/INFO]: Mushroom Growth Modifier: 100%
[17:13:42] [Server thread/INFO]: Pumpkin Growth Modifier: 100%
[17:13:42] [Server thread/INFO]: Sapling Growth Modifier: 100%
[17:13:42] [Server thread/INFO]: Wheat Growth Modifier: 100%
[17:13:42] [Server thread/INFO]: NetherWart Growth Modifier: 100%
[17:13:42] [Server thread/INFO]: Vine Growth Modifier: 100%
[17:13:42] [Server thread/INFO]: Cocoa Growth Modifier: 100%
[17:13:42] [Server thread/INFO]: Entity Activation Range: An 32 / Mo 32 / Mi 16 / Tiv true
[17:13:42] [Server thread/INFO]: Entity Tracking Range: Pl 48 / An 48 / Mo 48 / Mi 32 / Other 64
[17:13:42] [Server thread/INFO]: Hopper Transfer: 8 Hopper Check: 1 Hopper Amount: 1
[17:13:42] [Server thread/INFO]: Random Lighting Updates: false
[17:13:42] [Server thread/INFO]: Structure Info Saving: true
[17:13:42] [Server thread/INFO]: Custom Map Seeds:  Village: 10387312 Feature: 14357617 Monument: 10387313 Slime: 987234911
[17:13:42] [Server thread/INFO]: Max TNT Explosions: 100
[17:13:42] [Server thread/INFO]: Tile Max Tick Time: 50ms Entity max Tick Time: 50ms
[17:13:42] [Server thread/INFO]: Item Despawn Rate: 6000
[17:13:42] [Server thread/INFO]: Item Merge Radius: 2.5
[17:13:42] [Server thread/INFO]: View Distance: 6
[17:13:42] [Server thread/INFO]: Arrow Despawn Rate: 1200
[17:13:42] [Server thread/INFO]: Allow Zombie Pigmen to spawn from portal blocks: true
[17:13:42] [Server thread/INFO]: Experience Merge Radius: 3.0
[17:13:42] [Server thread/INFO]: Zombie Aggressive Towards Villager: true
[17:13:42] [Server thread/INFO]: Nerfing mobs spawned from spawners: false
[17:13:43] [Server thread/INFO]: -------- World Settings For [world_the_end] --------
[17:13:43] [Server thread/INFO]: Mob Spawn Range: 4
[17:13:43] [Server thread/INFO]: Cactus Growth Modifier: 100%
[17:13:43] [Server thread/INFO]: Cane Growth Modifier: 100%
[17:13:43] [Server thread/INFO]: Melon Growth Modifier: 100%
[17:13:43] [Server thread/INFO]: Mushroom Growth Modifier: 100%
[17:13:43] [Server thread/INFO]: Pumpkin Growth Modifier: 100%
[17:13:43] [Server thread/INFO]: Sapling Growth Modifier: 100%
[17:13:43] [Server thread/INFO]: Wheat Growth Modifier: 100%
[17:13:43] [Server thread/INFO]: NetherWart Growth Modifier: 100%
[17:13:43] [Server thread/INFO]: Vine Growth Modifier: 100%
[17:13:43] [Server thread/INFO]: Cocoa Growth Modifier: 100%
[17:13:43] [Server thread/INFO]: Entity Activation Range: An 32 / Mo 32 / Mi 16 / Tiv true
[17:13:43] [Server thread/INFO]: Entity Tracking Range: Pl 48 / An 48 / Mo 48 / Mi 32 / Other 64
[17:13:43] [Server thread/INFO]: Hopper Transfer: 8 Hopper Check: 1 Hopper Amount: 1
[17:13:43] [Server thread/INFO]: Random Lighting Updates: false
[17:13:43] [Server thread/INFO]: Structure Info Saving: true
[17:13:43] [Server thread/INFO]: Custom Map Seeds:  Village: 10387312 Feature: 14357617 Monument: 10387313 Slime: 987234911
[17:13:43] [Server thread/INFO]: Max TNT Explosions: 100
[17:13:43] [Server thread/INFO]: Tile Max Tick Time: 50ms Entity max Tick Time: 50ms
[17:13:43] [Server thread/INFO]: Item Despawn Rate: 6000
[17:13:43] [Server thread/INFO]: Item Merge Radius: 2.5
[17:13:43] [Server thread/INFO]: View Distance: 6
[17:13:43] [Server thread/INFO]: Arrow Despawn Rate: 1200
[17:13:43] [Server thread/INFO]: Allow Zombie Pigmen to spawn from portal blocks: true
[17:13:43] [Server thread/INFO]: Experience Merge Radius: 3.0
[17:13:43] [Server thread/INFO]: Zombie Aggressive Towards Villager: true
[17:13:43] [Server thread/INFO]: Nerfing mobs spawned from spawners: false
[17:13:43] [Server thread/INFO]: Preparing start region for level 0 (Seed: -8090510260380333756)
[17:13:44] [Server thread/INFO]: Preparing spawn area: 0%
[17:13:45] [Server thread/INFO]: Preparing spawn area: 4%
[17:13:46] [Server thread/INFO]: Preparing spawn area: 13%
[17:13:47] [Server thread/INFO]: Preparing start region for level 1 (Seed: -8090510260380333756)
[17:13:48] [Server thread/INFO]: Preparing spawn area: 23%
[17:13:48] [Server thread/INFO]: Preparing start region for level 2 (Seed: -8090510260380333756)
[17:13:48] [Server thread/INFO]: [WorldEdit] Enabling WorldEdit v6.1;no_git_id
[17:13:49] [Server thread/INFO]: WEPIF: Using the Bukkit Permissions API.
[17:13:49] [Server thread/WARN]: [WorldEdit] 
**********************************************
** This WorldEdit version does not fully support your version of Bukkit.
**
** When working with blocks or undoing, chests will be empty, signs
** will be blank, and so on. There will be no support for entity
** and biome-related functions.
**
** Please see http://wiki.sk89q.com/wiki/WorldEdit/Bukkit_adapters
**********************************************

[17:13:49] [Server thread/INFO]: [PlaceholderAPI] Enabling PlaceholderAPI v2.11.6
[17:13:50] [Server thread/INFO]: [PlaceholderAPI] Fetching available expansion information...
[17:13:50] [Server thread/INFO]: [ClearLag] Enabling ClearLag v3.2.2
[17:13:50] [Server thread/INFO]: [ClearLag] Using version-adapter: LegacyVersionAdapter
[17:13:50] [Server thread/INFO]: [ClearLag] Loading modules...
[17:13:50] [Server thread/INFO]: [ClearLag] Modules enabed, loading config values
[17:13:50] [Server thread/INFO]: [ClearLag] Modules have been loaded!
[17:13:50] [Server thread/INFO]: [ClearLag] Clearlag is now enabled!
[17:13:50] [Thread-8/INFO]: [ClearLag] Checking for updates compatible with your bukkit version [1.12]...
[17:13:50] [Server thread/INFO]: [CrackShot] Enabling CrackShot v0.98.5
[17:13:50] [Server thread/INFO]: [WorldGuard] Enabling WorldGuard v6.2.2-SNAPSHOT;8eeab68
[17:13:50] [Thread-8/INFO]: [ClearLag] No updates found!
[17:13:50] [Server thread/INFO]: [WorldGuard] (world) TNT ignition is PERMITTED.
[17:13:50] [Server thread/INFO]: [WorldGuard] (world) Lighters are PERMITTED.
[17:13:50] [Server thread/INFO]: [WorldGuard] (world) Lava fire is blocked.
[17:13:50] [Server thread/INFO]: [WorldGuard] (world) Fire spread is UNRESTRICTED.
[17:13:50] [Server thread/INFO]: [WorldGuard] Loaded configuration for world 'world'
[17:13:50] [Server thread/INFO]: [WorldGuard] (world_nether) TNT ignition is PERMITTED.
[17:13:50] [Server thread/INFO]: [WorldGuard] (world_nether) Lighters are PERMITTED.
[17:13:50] [Server thread/INFO]: [WorldGuard] (world_nether) Lava fire is blocked.
[17:13:50] [Server thread/INFO]: [WorldGuard] (world_nether) Fire spread is UNRESTRICTED.
[17:13:50] [Server thread/INFO]: [WorldGuard] Loaded configuration for world 'world_nether'
[17:13:50] [Server thread/INFO]: [WorldGuard] (world_the_end) TNT ignition is PERMITTED.
[17:13:50] [Server thread/INFO]: [WorldGuard] (world_the_end) Lighters are PERMITTED.
[17:13:50] [Server thread/INFO]: [WorldGuard] (world_the_end) Lava fire is blocked.
[17:13:50] [Server thread/INFO]: [WorldGuard] (world_the_end) Fire spread is UNRESTRICTED.
[17:13:50] [Server thread/INFO]: [WorldGuard] Loaded configuration for world 'world_the_end'
[17:13:50] [Server thread/INFO]: [WorldGuard] Loading region data...
[17:13:51] [Server thread/INFO]: [SynkLibs] Enabling SynkLibs v1.8.2
[17:13:52] [Server thread/INFO]: [SynkLibs] »  SynkLibs is up to date!
[17:13:52] [Server thread/INFO]: [CS-CoreLib] Enabling CS-CoreLib v1.6.2
[17:13:52] [Server thread/INFO]: [ViaVersion] Enabling ViaVersion v5.3.3-SNAPSHOT
[17:13:52] [Server thread/INFO]: [ViaBackwards] Enabling ViaBackwards v5.3.2
[17:13:52] [Server thread/INFO]: [ViaRewind-Legacy-Support] Enabling ViaRewind-Legacy-Support v1.5.2
[17:13:52] [Server thread/INFO]: [EaglerXServer] Enabling EaglercraftXServer v1.0.7
[17:13:52] [Server thread/INFO]: [EaglerXServer] Connecting to skin cache database "jdbc:sqlite:eagler_skins_cache.db"...
[17:13:52] [Server thread/INFO]: [EaglerXServer] Connected to skin cache database successfully!
[17:13:52] [Netty Epoll Server IO #0/INFO]: [EaglerXServer] Listener "default" injected into channel [id: 0xb3cc6dbe, L:/0.0.0.0:25565] successfully (Generic Netty method)
[17:13:52] [Server thread/ERROR]: [EaglerXServer] Plugin EaglercraftXServer v1.0.7 has failed to register events for class net.skinsrestorer.bukkit.listener.ForceAliveListener because org/bukkit/event/server/ServerLoadEvent does not exist.
[17:13:52] [Server thread/INFO]: [EaglerXServer] Listening for SkinsRestorer skin apply event on vanilla players
[17:13:52] [Server thread/INFO]: [EaglerXRewind-1.5] Enabling EaglercraftXRewind-1-5 v1.0.2
[17:13:52] [Server thread/INFO]: [EaglerXRewind-1.5] EaglerXRewind protocol for Eaglercraft 1.5.2 has been registered
[17:13:52] [Server thread/INFO]: [dynmap] Enabling dynmap v3.6-899
[17:13:53] [Server thread/INFO]: [dynmap] Using LuckPerms 5.5.8 for access control
[17:13:53] [Netty Epoll Server IO #1/INFO]: [EaglerXServer] You are running the latest version of EaglerXServer
[17:13:53] [Server thread/INFO]: [dynmap] Mod Support processing completed
[17:14:01] [Server thread/INFO]: [dynmap] Loaded 27 shaders.
[17:14:01] [Server thread/INFO]: [dynmap] Loaded 83 perspectives.
[17:14:01] [Server thread/INFO]: [dynmap] Loaded 22 lightings.
[17:14:01] [Server thread/INFO]: [dynmap] Starting enter/exit processing
[17:14:02] [Dynmap Render Thread/INFO]: [dynmap] Finish marker initialization
[17:14:03] [Server thread/INFO]: [dynmap] Web server started on address 0.0.0.0:8123
[17:14:03] [Server thread/INFO]: [dynmap] version 3.6-899 is enabled - core version 3.6-899
[17:14:03] [Server thread/INFO]: [dynmap] For support, visit our Discord at https://discord.gg/s3rd5qn
[17:14:03] [Server thread/INFO]: [dynmap] For news, visit https://reddit.com/r/Dynmap or follow https://universeodon.com/@dynmap
[17:14:03] [Server thread/INFO]: [dynmap] To report or track bugs, visit https://github.com/webbukkit/dynmap/issues
[17:14:03] [Server thread/INFO]: [dynmap] If you'd like to donate, please visit https://www.patreon.com/dynmap or https://ko-fi.com/michaelprimm
[17:14:03] [Server thread/INFO]: [dynmap] Loaded 3 maps of world 'world'.
[17:14:03] [Server thread/INFO]: [dynmap] Loaded 2 maps of world 'world_nether'.
[17:14:03] [Server thread/INFO]: [dynmap] Loaded 2 maps of world 'world_the_end'.
[17:14:03] [Server thread/INFO]: [dynmap] Enabled
[17:14:03] [Server thread/INFO]: [ZNPCsPlus] Enabling ZNPCsPlus v2.0.0
[17:14:03] [Server thread/INFO]:   ___       __   __  __
[17:14:03] [Server thread/INFO]:    _/ |\ | |__) |   (__` __|__   ZNPCsPlus v2.0.0
[17:14:03] [Server thread/INFO]:   /__ | \| |    |__ .__)   |     Maintained with ❤  by Pyr#6969
[17:14:03] [Server thread/INFO]: 
[17:14:03] [Server thread/INFO]:  * Initializing libraries...
[17:14:03] [Server thread/INFO]:  * Initializing components...
[17:14:03] [Server thread/INFO]:  * Registering components...
[17:14:04] [Server thread/INFO]:  * Starting tasks...
[17:14:04] [Server thread/INFO]:  * Loading data...
[17:14:04] [Server thread/INFO]:  * Loading complete! (1136ms)
[17:14:04] [Server thread/INFO]: 
[17:14:04] [Server thread/INFO]: [Essentials] Enabling Essentials v2.21.1
[17:14:05] [Server thread/WARN]: [Essentials] Version mismatch! Please update EssentialsChat to the same version.
[17:14:05] [Server thread/WARN]: [Essentials] Version mismatch! Please update EssentialsSpawn to the same version.
[17:14:05] [Server thread/WARN]: [Essentials] Version mismatch! Please update EssentialsDiscord to the same version.
[17:14:06] [Server thread/INFO]: [Essentials] Attempting to convert old kits in config.yml to new kits.yml
[17:14:06] [Server thread/INFO]: [Essentials] No kits found to migrate.
[17:14:06] [Server thread/INFO]: [Essentials] Selected Reflection Persistent Data Container Provider as the provider for PersistentDataProvider
[17:14:06] [Server thread/INFO]: [Essentials] Selected 1.8.3+ Spawner Item Provider as the provider for SpawnerItemProvider
[17:14:06] [Server thread/INFO]: [Essentials] No provider found for TickCountProvider, but it is nullable
[17:14:06] [Server thread/INFO]: [Essentials] No provider found for ContainerProvider, but it is nullable
[17:14:06] [Server thread/INFO]: [Essentials] Selected 1.12.2+ Player Locale Provider as the provider for PlayerLocaleProvider
[17:14:06] [Server thread/INFO]: [Essentials] Selected Paper Known Commands Provider as the provider for KnownCommandsProvider
[17:14:06] [Server thread/INFO]: [Essentials] No provider found for SignDataProvider, but it is nullable
[17:14:06] [Server thread/INFO]: [Essentials] No provider found for MaterialTagProvider, but it is nullable
[17:14:06] [Server thread/INFO]: [Essentials] Selected Reflection Online Mode Provider as the provider for OnlineModeProvider
[17:14:06] [Server thread/INFO]: [Essentials] Selected Fixed Height World Info Provider as the provider for WorldInfoProvider
[17:14:06] [Server thread/INFO]: [Essentials] Selected Reflection Sync Commands Provider as the provider for SyncCommandsProvider
[17:14:06] [Server thread/INFO]: [Essentials] Selected Reflection Formatted Command Alias Provider as the provider for FormattedCommandAliasProvider
[17:14:06] [Server thread/INFO]: [Essentials] Selected 1.9-1.12.2 Spawn Egg Provider as the provider for SpawnEggProvider
[17:14:06] [Server thread/INFO]: [Essentials] Selected Legacy Damage Event Provider as the provider for DamageEventProvider
[17:14:06] [Server thread/INFO]: [Essentials] No provider found for BiomeKeyProvider, but it is nullable
[17:14:06] [Server thread/INFO]: [Essentials] Selected Legacy Banner Meta Provider as the provider for BannerDataProvider
[17:14:06] [Server thread/INFO]: [Essentials] Selected 1.9-1.20.4 Potion Meta Provider as the provider for PotionMetaProvider
[17:14:06] [Server thread/INFO]: [Essentials] Selected 1.11+ Item Unbreakable Provider as the provider for ItemUnbreakableProvider
[17:14:06] [Server thread/INFO]: [Essentials] Selected Reflection Server State Provider as the provider for ServerStateProvider
[17:14:06] [Server thread/INFO]: [Essentials] Selected 1.12+ Spawner Block Provider as the provider for SpawnerBlockProvider
[17:14:06] [Server thread/INFO]: [Essentials] Selected Legacy InventoryView Abstract Class ABI Provider as the provider for InventoryViewProvider
[17:14:06] [Server thread/INFO]: [Essentials] No provider found for SerializationProvider, but it is nullable
[17:14:06] [Server thread/INFO]: [Essentials] Loaded 853 items from items.csv.
[17:14:06] [Server thread/INFO]: [Essentials] Using locale en_US
[17:14:06] [Server thread/INFO]: [Essentials] ServerListPingEvent: Spigot iterator API
[17:14:07] [Server thread/INFO]: [Essentials] Starting Metrics. Opt-out using the global bStats config.
[17:14:07] [Server thread/INFO]: [Vault][Economy] Essentials Economy hooked.
[17:14:07] [Server thread/INFO]: [Essentials] Using Vault based permissions (LuckPerms)
[17:14:07] [Server thread/INFO]: [EaglerWeb] Enabling EaglerWeb v1.0.0
[17:14:07] [Server thread/INFO]: [EaglerWeb] Loading config files...
[17:14:07] [Server thread/INFO]: [EaglerWeb] Indexing pages, please wait...
[17:14:07] [Server thread/ERROR]: [EaglerWeb] Failed to index pages!
java.io.IOException: Could not list directory: /home/chinmaym3600/Bus-SMP/bus-smp-reborn/plugins/EaglerWeb/web
	at net.lax1dude.eaglercraft.backend.eaglerweb.base.EaglerWebHandler.indexDir(EaglerWebHandler.java:134) ~[?:?]
	at net.lax1dude.eaglercraft.backend.eaglerweb.base.EaglerWebHandler.index(EaglerWebHandler.java:124) ~[?:?]
	at net.lax1dude.eaglercraft.backend.eaglerweb.base.EaglerWebHandler.buildContext(EaglerWebHandler.java:108) ~[?:?]
	at net.lax1dude.eaglercraft.backend.eaglerweb.base.EaglerWebHandler.build(EaglerWebHandler.java:92) ~[?:?]
	at net.lax1dude.eaglercraft.backend.eaglerweb.base.EaglerWeb.handleRefreshIndex(EaglerWeb.java:132) ~[?:?]
	at net.lax1dude.eaglercraft.backend.eaglerweb.base.EaglerWeb.onEnable(EaglerWeb.java:59) ~[?:?]
	at net.lax1dude.eaglercraft.backend.eaglerweb.bukkit.PlatformPluginBukkit.onEnable(PlatformPluginBukkit.java:81) ~[?:?]
	at org.bukkit.plugin.java.JavaPlugin.setEnabled(JavaPlugin.java:264) ~[patched_1.12.2.jar:git-Paper-1620]
	at org.bukkit.plugin.java.JavaPluginLoader.enablePlugin(JavaPluginLoader.java:316) ~[patched_1.12.2.jar:git-Paper-1620]
	at org.bukkit.plugin.SimplePluginManager.enablePlugin(SimplePluginManager.java:405) ~[patched_1.12.2.jar:git-Paper-1620]
	at org.bukkit.craftbukkit.v1_12_R1.CraftServer.enablePlugin(CraftServer.java:395) ~[patched_1.12.2.jar:git-Paper-1620]
	at org.bukkit.craftbukkit.v1_12_R1.CraftServer.enablePlugins(CraftServer.java:344) ~[patched_1.12.2.jar:git-Paper-1620]
	at net.minecraft.server.v1_12_R1.MinecraftServer.t(MinecraftServer.java:442) ~[patched_1.12.2.jar:git-Paper-1620]
	at net.minecraft.server.v1_12_R1.MinecraftServer.l(MinecraftServer.java:403) ~[patched_1.12.2.jar:git-Paper-1620]
	at net.minecraft.server.v1_12_R1.MinecraftServer.a(MinecraftServer.java:341) ~[patched_1.12.2.jar:git-Paper-1620]
	at net.minecraft.server.v1_12_R1.DedicatedServer.init(DedicatedServer.java:289) ~[patched_1.12.2.jar:git-Paper-1620]
	at net.minecraft.server.v1_12_R1.MinecraftServer.run(MinecraftServer.java:616) ~[patched_1.12.2.jar:git-Paper-1620]
	at java.lang.Thread.run(Thread.java:840) [?:?]
[17:14:07] [Server thread/INFO]: [AuctionHouse] Enabling AuctionHouse v2.2.4
[17:14:07] [Server thread/INFO]: [AuctionHouse] Found locale file en_us.json
[17:14:07] [Server thread/WARN]: [AuctionHouse] [1;33mA backup of the database has been saved with .backup extension.[0m
[17:14:07] [Server thread/INFO]: [AuctionHouse] Using NMS version v1_12_R1
[17:14:07] [Server thread/INFO]: [AuctionHouse] Using en_us locale
[17:14:07] [Server thread/INFO]: [AuctionHouse] Loaded 6 listings
[17:14:07] [Server thread/INFO]: [EaglerMOTD] Enabling EaglerMOTD-Reborn v1.0.0
[17:14:07] [Server thread/INFO]: [EaglerMOTD] Loaded 1 messages for default
[17:14:07] [Server thread/INFO]: [EaglerMOTD] Loaded 6 query types
[17:14:07] [Server thread/INFO]: [EssentialsChat] Enabling EssentialsChat v2.21.2-dev+10-ff1b8b8
[17:14:07] [Server thread/WARN]: [EssentialsChat] Version mismatch! Please update all Essentials jars to the same version.
[17:14:07] [Server thread/INFO]: [EssentialsChat] Starting Metrics. Opt-out using the global bStats config.
[17:14:07] [Server thread/INFO]: [TAB] Enabling TAB v5.2.2
[17:14:08] [Server thread/INFO]: [TAB] [WARN] [config.yml] scoreboard: Missing configuration section "scoreboard.use-numbers" of type Boolean, using default value true.
[17:14:08] [Server thread/INFO]: [TAB] [WARN] [config.yml] scoreboard: Missing configuration section "scoreboard.static-number" of type Integer, using default value 0.
[17:14:08] [Server thread/INFO]: [TAB] [WARN] [config.yml] scoreboard: Missing configuration section "scoreboard.delay-on-join-milliseconds" of type Integer, using default value 0.
[17:14:08] [Server thread/INFO]: [TAB] [WARN] [config.yml] scoreboard-teams: Configuration section "scoreboard-teams" has unknown key "prefix". Valid keys: [enabled, enable-collision, invisible-nametags, sorting-types, case-sensitive-sorting, can-see-friendly-invisibles, disable-condition]
[17:14:08] [Server thread/INFO]: [TAB] [WARN] [config.yml] scoreboard-teams: Configuration section "scoreboard-teams" has unknown key "suffix". Valid keys: [enabled, enable-collision, invisible-nametags, sorting-types, case-sensitive-sorting, can-see-friendly-invisibles, disable-condition]
[17:14:08] [Server thread/INFO]: [TAB] [WARN] [config.yml] scoreboard-teams: Configuration section "scoreboard-teams" has unknown key "custom-name". Valid keys: [enabled, enable-collision, invisible-nametags, sorting-types, case-sensitive-sorting, can-see-friendly-invisibles, disable-condition]
[17:14:08] [Server thread/INFO]: [TAB] [WARN] [animations.yml] .bus_smp_title: Animation "bus_smp_title" has refresh interval of 4, which is not divisible by 50! Using 50.
[17:14:08] [Server thread/INFO]: [TAB] [WARN] [animations.yml] .server_ip_label: Animation "server_ip_label" has refresh interval of 4, which is not divisible by 50! Using 50.
[17:14:08] [Server thread/INFO]: [TAB] [WARN] [animations.yml] .server_ip_value: Animation "server_ip_value" has refresh interval of 4, which is not divisible by 50! Using 50.
[17:14:08] [Server thread/INFO]: [TAB] [WARN] [animations.yml] .discord_label: Animation "discord_label" has refresh interval of 4, which is not divisible by 50! Using 50.
[17:14:08] [Server thread/INFO]: [TAB] [WARN] [animations.yml] .discord_value: Animation "discord_value" has refresh interval of 4, which is not divisible by 50! Using 50.
[17:14:08] [Server thread/INFO]: [TAB] [WARN] [animations.yml] .enjoy_line: Animation "enjoy_line" has refresh interval of 4, which is not divisible by 50! Using 50.
[17:14:08] [Server thread/INFO]: [TAB] [WARN] [animations.yml] .player_name: Animation "player_name" has refresh interval of 4, which is not divisible by 50! Using 50.
[17:14:08] [Server thread/INFO]: [TAB] [WARN] [animations.yml] .balance: Animation "balance" has refresh interval of 4, which is not divisible by 50! Using 50.
[17:14:08] [Server thread/INFO]: [TAB] [WARN] [animations.yml] .ping: Animation "ping" has refresh interval of 4, which is not divisible by 50! Using 50.
[17:14:09] [Server thread/INFO]: [TAB] [WARN] Found a total of 15 issues.
[17:14:09] [Server thread/INFO]: [TAB] Enabled in 1118ms
[17:14:09] [Server thread/INFO]: [EssentialsSpawn] Enabling EssentialsSpawn v2.21.2-dev+10-ff1b8b8
[17:14:09] [Server thread/WARN]: [EssentialsSpawn] Version mismatch! Please update all Essentials jars to the same version.
[17:14:09] [Server thread/INFO]: [EssentialsSpawn] Starting Metrics. Opt-out using the global bStats config.
[17:14:09] [Server thread/INFO]: [EssentialsDiscord] Enabling EssentialsDiscord v2.21.2-dev+10-ff1b8b8
[17:14:09] [Server thread/WARN]: [EssentialsDiscord] Version mismatch! Please update all Essentials jars to the same version.
[17:14:09] [Server thread/INFO]: [EssentialsDiscord] Starting Metrics. Opt-out using the global bStats config.
[17:14:09] [Server thread/INFO]: [EssentialsDiscord] Attempting to login to Discord...
[17:14:12] [Server thread/INFO]: [EssentialsDiscord] Successfully logged in as EssX bot#7695
[17:14:12] [Server thread/INFO]: [EssentialsDiscord] Discord console logging has been disabled due to an invalid channel definition! If you intend to disable it, set the channel ID to "none"; otherwise check that your channel ID is correct.
[17:14:12] [Server thread/INFO]: [AuthMe] Enabling AuthMe v5.6.0-bCUSTOM
[17:14:13] [Server thread/INFO]: [AuthMe] SQLite Setup finished
[17:14:13] [Server thread/INFO]: [AuthMe] Hooked into LuckPerms!
[17:14:14] [Server thread/INFO]: [AuthMe] Hooked successfully into Essentials
[17:14:14] [Server thread/INFO]: [AuthMe] AuthMe 5.6.0 build n.CUSTOM successfully enabled!
[17:14:15] [Server thread/INFO]: Done (33.271s)! For help, type "help" or "?"
[17:14:15] [Server thread/INFO]: Timings Reset
[17:14:15] [Craft Scheduler Thread - 11/INFO]: [Essentials] Fetching version information...
[17:14:15] [Craft Scheduler Thread - 13/INFO]: [AuthMe] Downloading GEO IP database, because the old database is older than 30 days or doesn't exist
[17:14:15] [Craft Scheduler Thread - 13/WARN]: [AuthMe] No MaxMind credentials found in the configuration file! GeoIp protections will be disabled.
[17:14:15] [Craft Scheduler Thread - 13/INFO]: [AuthMe] There is no newer GEO IP database uploaded to MaxMind. Using the old one for now.
[17:14:15] [Server thread/INFO]: [CS-CoreLib2] [CS-CoreLib2 - Protection] Loading Protection Modules...
[17:14:15] [Server thread/INFO]: [CS-CoreLib2] [CS-CoreLib2 - Protection] This may happen more than once.
[17:14:15] [Craft Scheduler Thread - 14/INFO]: [Vault] Checking for Updates ... 
[17:14:15] [Craft Scheduler Thread - 13/WARN]: [AuthMe] Could not download GeoLiteAPI database [FileNotFoundException]: plugins/AuthMe/GeoLite2-Country.mmdb (No such file or directory)
[17:14:15] [Server thread/WARN]: [CS-CoreLib] Task #1047 for CS-CoreLib v1.6.2 generated an exception
java.lang.NoClassDefFoundError: com/sk89q/worldguard/WorldGuard
	at me.mrCookieSlime.CSCoreLibPlugin.cscorelib2.protection.modules.WorldGuardProtectionModule.load(WorldGuardProtectionModule.java:31) ~[?:?]
	at me.mrCookieSlime.CSCoreLibPlugin.cscorelib2.protection.ProtectionManager.registerModule(ProtectionManager.java:162) ~[?:?]
	at me.mrCookieSlime.CSCoreLibPlugin.cscorelib2.protection.ProtectionManager.<init>(ProtectionManager.java:57) ~[?:?]
	at me.mrCookieSlime.CSCoreLibPlugin.protection.ProtectionManager.<init>(ProtectionManager.java:19) ~[?:?]
	at me.mrCookieSlime.CSCoreLibPlugin.CSCoreLib.lambda$0(CSCoreLib.java:114) ~[?:?]
	at org.bukkit.craftbukkit.v1_12_R1.scheduler.CraftTask.run(CraftTask.java:64) ~[patched_1.12.2.jar:git-Paper-1620]
	at org.bukkit.craftbukkit.v1_12_R1.scheduler.CraftScheduler.mainThreadHeartbeat(CraftScheduler.java:423) ~[patched_1.12.2.jar:git-Paper-1620]
	at net.minecraft.server.v1_12_R1.MinecraftServer.D(MinecraftServer.java:840) ~[patched_1.12.2.jar:git-Paper-1620]
	at net.minecraft.server.v1_12_R1.DedicatedServer.D(DedicatedServer.java:423) ~[patched_1.12.2.jar:git-Paper-1620]
	at net.minecraft.server.v1_12_R1.MinecraftServer.C(MinecraftServer.java:774) ~[patched_1.12.2.jar:git-Paper-1620]
	at net.minecraft.server.v1_12_R1.MinecraftServer.run(MinecraftServer.java:666) ~[patched_1.12.2.jar:git-Paper-1620]
	at java.lang.Thread.run(Thread.java:840) [?:?]
Caused by: java.lang.ClassNotFoundException: com.sk89q.worldguard.WorldGuard
	at java.net.URLClassLoader.findClass(URLClassLoader.java:445) ~[?:?]
	at org.bukkit.plugin.java.PluginClassLoader.findClass(PluginClassLoader.java:156) ~[patched_1.12.2.jar:git-Paper-1620]
	at org.bukkit.plugin.java.PluginClassLoader.findClass(PluginClassLoader.java:104) ~[patched_1.12.2.jar:git-Paper-1620]
	at java.lang.ClassLoader.loadClass(ClassLoader.java:592) ~[?:?]
	at java.lang.ClassLoader.loadClass(ClassLoader.java:525) ~[?:?]
	... 12 more
[17:14:15] [Server thread/INFO]: [ViaVersion] ViaVersion detected server version: 1.12.2 (340)
[17:14:15] [Craft Scheduler Thread - 10/INFO]: [EaglerXServer] Reloaded certificate: /home/chinmaym3600/Bus-SMP/bus-smp-reborn/plugins/EaglercraftXServer/eagcert/$dl.b761e73bfcd2f0ca87bc93a516c564bc5fae7c47.cert
[17:14:15] [Craft Scheduler Thread - 10/WARN]: [EaglerXServer] Update certificate was loaded: $dl.b761e73bfcd2f0ca87bc93a516c564bc5fae7c47.cert
[17:14:15] [Server thread/WARN]: [ViaVersion] This version of Minecraft is extremely outdated and support for it has reached its end of life. You will still be able to run Via on this Minecraft version, but we will prioritize issues with legacy Minecraft versions less. Please consider updating to give your players a better experience and to avoid issues that have long been fixed.
[17:14:15] [Server thread/WARN]: [ViaVersion] Please update your Java runtime to at least Java 21 (your version is 17.0.15).
[17:14:15] [Server thread/WARN]: [ViaVersion] At some point in the future, ViaVersion will no longer be compatible with this version of Java.
[17:14:15] [Craft Scheduler Thread - 14/WARN]: [Vault] Stable Version: 1.7.3 is out! You are still running version: 1.5.6
[17:14:15] [Craft Scheduler Thread - 14/WARN]: [Vault] Update at: http://dev.bukkit.org/server-mods/vault
[17:14:15] [Server thread/INFO]: [Essentials] Essentials found a compatible payment resolution method: Vault Compatibility Layer (v1.5.6-b49)!
[17:14:15] [Craft Scheduler Thread - 5/INFO]: [33;1m[[32;22mSkinsRestorer[33;1m] [0;39m[32;1m----------------------------------------------[0;39m
[17:14:15] [Craft Scheduler Thread - 5/INFO]: [33;1m[[32;22mSkinsRestorer[33;1m] [0;39m[32;1m    +==================+[0;39m
[17:14:15] [Craft Scheduler Thread - 5/INFO]: [33;1m[[32;22mSkinsRestorer[33;1m] [0;39m[32;1m    |   SkinsRestorer  |[0;39m
[17:14:15] [Craft Scheduler Thread - 5/INFO]: [33;1m[[32;22mSkinsRestorer[33;1m] [0;39m[32;1m    |------------------|[0;39m
[17:14:15] [Craft Scheduler Thread - 5/INFO]: [33;1m[[32;22mSkinsRestorer[33;1m] [0;39m[32;1m    |  [34;1m[4m[21mStandalone Mode[0;39m[32;1m |[0;39m
[17:14:15] [Craft Scheduler Thread - 5/INFO]: [33;1m[[32;22mSkinsRestorer[33;1m] [0;39m[32;1m    +==================+[0;39m
[17:14:15] [Craft Scheduler Thread - 5/INFO]: [33;1m[[32;22mSkinsRestorer[33;1m] [0;39m[32;1m----------------------------------------------[0;39m
[17:14:15] [Craft Scheduler Thread - 5/INFO]: [33;1m[[32;22mSkinsRestorer[33;1m] [0;39m[36;1m    Version: [32;1m15.7.1[0;39m
[17:14:15] [Craft Scheduler Thread - 5/INFO]: [33;1m[[32;22mSkinsRestorer[33;1m] [0;39m[36;1m    Commit: [32;1mf77fbd4[0;39m
[17:14:15] [Craft Scheduler Thread - 5/INFO]: [33;1m[[32;22mSkinsRestorer[33;1m] [0;39m[32;1m    This is the latest version![0;39m
[17:14:15] [Craft Scheduler Thread - 5/INFO]: [33;1m[[32;22mSkinsRestorer[33;1m] [0;39m[32;1m----------------------------------------------[0;39m
[17:14:15] [Craft Scheduler Thread - 5/INFO]: [33;1m[[32;22mSkinsRestorer[33;1m] [0;39m[34;1mDo you have issues? Read our troubleshooting guide: [33;1mhttps://skinsrestorer.net/docs/troubleshooting[0;39m
[17:14:15] [Craft Scheduler Thread - 5/INFO]: [33;1m[[32;22mSkinsRestorer[33;1m] [0;39m[34;1mWant to support SkinsRestorer? Consider donating: [33;1mhttps://skinsrestorer.net/donate[0;39m
[17:14:15] [Server thread/INFO]: [AuctionHouse] Registered Service Provider Essentials for Vault's Economy API
[17:14:15] [Server thread/INFO]: [AuctionHouse] Registered Service Provider LuckPerms for Vault's Chat API
[17:14:15] [Server thread/INFO]: [Magic] Vault found, 'currency' cost types available
[17:14:15] [Server thread/INFO]: [Magic] Registered currencies: item,mana,xp,health,currency,sp,levels,hunger
[17:14:15] [Thread-24/INFO]: [CrackShot] Gun-mode activated. Boop![CS-CoreLib - Updater] CS-CoreLib is up to date!
[17:14:17] [Server thread/WARN]: [Magic] [33m Invalid item key: warped_sign{CustomModelData:18001}[0m
[17:14:17] [Server thread/WARN]: [Magic] [33m Invalid item key: warped_sign{CustomModelData:18001}[0m
[17:14:17] [Server thread/INFO]: [Magic] Couldn't load spell icon 'warped_sign{CustomModelData:18001}' for spell: gps
[17:14:18] [Server thread/INFO]: [Magic] Loaded 554 spells
[17:14:18] [Server thread/INFO]: [Magic] Loaded 12 progression paths
[17:14:18] [Server thread/WARN]: [Magic] [33m Unknown output for recipe magictorch: magictorch[0m
[17:14:18] [Server thread/WARN]: [Magic] [33m Failed to create crafting recipe: magictorch[0m
[17:14:18] [Server thread/INFO]: [Magic] Loaded 15 crafting recipes
[17:14:18] [Server thread/INFO]: [Magic] [skull{display:{Name:"{\"text\":\"Copper Chunk\"}"},SkullOwner:{Id:[I;-1036162939,-1851833705,-1803264362,-2044992477],Properties:{textures:[{Value:"eyJ0ZXh0dXJlcyI6eyJTS0lOIjp7InVybCI6Imh0dHA6Ly90ZXh0dXJlcy5taW5lY3JhZnQubmV0L3RleHR1cmUvODc2NDA2MGI4MThlNGE2NzA2NzEzYzg1MWRmNTJhZmZiNzAwODM3MDE5Y2JkNzcxMjZlYTE1NGU3MGNkNjcxYyJ9fX0="}]}}}] Custom NBT tags on items are no longer supported. Please change to the {1234} syntax for custom model data.
[17:14:18] [Server thread/INFO]: [Magic] LogBlock not found
[17:14:18] [Server thread/INFO]: [Magic] Integrating with Essentials for vanish detection
[17:14:18] [Server thread/INFO]: [Magic] Integrating with Essentials for Recall warps
[17:14:18] [Server thread/INFO]: [Magic] Essentials found, hooked up custom item handler
[17:14:18] [Server thread/INFO]: [Magic] Factions not found
[17:14:18] [Server thread/INFO]: [Magic] WorldGuard found, will respect build permissions for construction spells
[17:14:18] [Server thread/INFO]: [Magic] Towny not found, region protection and pvp checks will not be used.
[17:14:18] [Server thread/INFO]: [Magic] Lockette nor LockettePro found, will not integrate.
[17:14:18] [Server thread/INFO]: [Magic] GriefPrevention not found, claim protection will not be used.
[17:14:18] [Server thread/INFO]: [Magic] NoCheatPlus not found, will not integrate.
[17:14:18] [Server thread/INFO]: [Magic] dynmap found, integrating.
[17:14:18] [Server thread/INFO]: [Magic] Citizens not found, Magic trait unavailable.
[17:14:18] [Server thread/INFO]: [PlaceholderAPI] Successfully registered internal expansion: magic [10.9.8-2d84e24]
[17:14:18] [Server thread/INFO]: [Magic] PlaceholderAPI integration enabled. Available placeholders:
[17:14:18] [Server thread/INFO]: [Magic] magic_path, magic_class, magic_wand, magic_spell, magic_mana, magic_mana_max, magic_sp, magic_spell_count
[17:14:18] [Server thread/INFO]: [Magic] All magic attributes also available with a magic_ prefix
[17:14:18] [Server thread/INFO]: [Magic] Add to messages/placeholders to add custom placeholders
[17:14:18] [Server thread/INFO]: [Magic] LightAPI not found, Light action will not work
[17:14:18] [Server thread/INFO]: [Magic] Geyser integration disabled.
[17:14:18] [Server thread/INFO]: [Magic] Loaded 0 arenas
[17:14:18] [Server thread/WARN]: [Magic] [33m Mob config missing 'type' and not a vanilla mob type: fireproof_drowned[0m
[17:14:18] [Server thread/WARN]: [Magic] [33m Mob config missing 'type' and not a vanilla mob type: trident_drowned[0m
[17:14:18] [Server thread/WARN]: [Magic] [33m Mob config missing 'type' and not a vanilla mob type: spinny_fox[0m
[17:14:18] [Server thread/WARN]: [Magic] [33m Mob config missing 'type' and not a vanilla mob type: scaredy[0m
[17:14:18] [Server thread/INFO]: [Magic] Finished loading configuration
[17:14:18] [Server thread/INFO]: [PlaceholderAPI] Placeholder expansion registration initializing...
[17:14:18] [Server thread/INFO]: [Magic] Finished loading data.
[17:14:18] [Server thread/INFO]: Resource pack has not changed, using hash XXwMvDZbIpjdKdbSWZPDNBLHxIk= (1614208353000 <= 1614208353000)
[17:14:18] [Server thread/INFO]: [AuctionHouse] Found PlaceholderAPI plugin
[17:14:18] [Server thread/INFO]: [PlaceholderAPI] Successfully registered internal expansion: auctionhouse [2.2.4]
[17:14:18] [Server thread/INFO]: [AuctionHouse] Registered PlaceholderAPI placeholders
[17:14:18] [Server thread/INFO]: [PlaceholderAPI] Successfully registered external expansion: vault [1.8.3]
[17:14:18] [Server thread/INFO]: [PlaceholderAPI] Successfully registered external expansion: server [2.7.3]
[17:14:18] [Server thread/INFO]: [PlaceholderAPI] Successfully registered external expansion: player [2.0.8]
[17:14:18] [Server thread/INFO]: 3 placeholder hook(s) registered!
[17:14:18] [Craft Scheduler Thread - 9/INFO]: [ViaVersion] Finished mapping loading, shutting down loader executor.
[17:14:18] [Server thread/WARN]: [ViaVersion] There is a newer plugin version available: 5.4.0, you're on: 5.3.3-SNAPSHOT
[17:14:19] [User Authenticator #1/INFO]: UUID of player Mintyy is fa937539-feac-3fb0-ab76-4cf8a4ef5886
[17:14:21] [Server thread/INFO]: Mintyy[/127.0.0.1:45296] logged in with entity id 95 at ([world]568.5722447933996, 68.0, 2893.2184198317636)
[17:14:26] [User Authenticator #1/INFO]: UUID of player ChinmayM_3600 is d688be88-8641-3dbc-b5d9-b7c5d3992d11
[17:14:26] [Server thread/INFO]: ChinmayM_3600[/127.0.0.1:45298] logged in with entity id 103 at ([world]582.2016458660478, 74.0, 2915.820474061317)
[17:14:27] [Craft Scheduler Thread - 9/INFO]: [AuthMe] Mintyy logged in 127.0.0.1
[17:14:34] [Craft Scheduler Thread - 9/INFO]: [AuthMe] ChinmayM_3600 logged in 127.0.0.1
[17:15:07] [Dynmap Render Thread/INFO]: [dynmap] Loading default resource pack
[17:15:12] [Server thread/INFO]: Mintyy issued server command: //wand
[17:15:13] [Server thread/INFO]: ChinmayM_3600 issued server command: //set diamond_block
[17:15:51] [Server thread/INFO]: Mintyy issued server command: //set sprucewood
[17:15:54] [Server thread/INFO]: Mintyy issued server command: //set sprucewood
[17:16:01] [Async Chat Thread - #0/INFO]: [Helper] Mintyy: whats spruce wood in want
[17:16:03] [Server thread/INFO]: ChinmayM_3600 issued server command: //set Stone_brick
[17:16:03] [Async Chat Thread - #0/INFO]: [Helper] Mintyy: wand
[17:16:25] [Async Chat Thread - #0/INFO]: [Owner] ChinmayM_3600: .//set 5:1
[17:16:37] [Server thread/INFO]: Mintyy issued server command: //set 5:1
[17:16:42] [Async Chat Thread - #0/INFO]: [Helper] Mintyy: how do u know that
[17:16:44] [Async Chat Thread - #0/INFO]: [Helper] Mintyy: how does it show?
[17:16:49] [Async Chat Thread - #0/INFO]: [Owner] ChinmayM_3600: no it doesnt
[17:16:57] [Async Chat Thread - #0/INFO]: [Helper] Mintyy: how u know then
[17:17:03] [Async Chat Thread - #0/INFO]: [Owner] ChinmayM_3600: ive used world edit bfor
[17:17:07] [Async Chat Thread - #0/INFO]: [Helper] Mintyy: oh alr
[17:17:17] [Server thread/INFO]: Mintyy issued server command: //set fence
[17:17:20] [Server thread/INFO]: Mintyy issued server command: //undo
[17:17:31] [Server thread/INFO]: Mintyy issued server command: //set fence
[17:17:38] [Server thread/INFO]: Mintyy issued server command: //undo
[17:17:49] [Server thread/INFO]: Mintyy issued server command: //wand
[17:17:57] [Server thread/INFO]: Mintyy issued server command: //set fence
[17:18:06] [Server thread/INFO]: Mintyy issued server command: //set fence
[17:18:11] [Server thread/WARN]: ChinmayM_3600 was kicked due to keepalive timeout!
[17:18:11] [Server thread/INFO]: ChinmayM_3600 lost connection: Timed out
[17:18:11] [Server thread/INFO]: ChinmayM_3600 left the game
[17:18:11] [Server thread/WARN]: handleDisconnection() called twice
[17:18:16] [Server thread/INFO]: Mintyy issued server command: //set fence
[17:18:23] [Server thread/INFO]: Mintyy issued server command: //set fence
[17:18:29] [Server thread/INFO]: Mintyy issued server command: //set fence
[17:21:14] [User Authenticator #2/INFO]: UUID of player ChinmayM_3600 is d688be88-8641-3dbc-b5d9-b7c5d3992d11
[17:21:15] [Server thread/INFO]: ChinmayM_3600[/127.0.0.1:60460] logged in with entity id 356 at ([world]564.3142578306738, 68.0, 2879.5943309383915)
[17:21:22] [Craft Scheduler Thread - 20/INFO]: [AuthMe] ChinmayM_3600 used the wrong password
[17:21:22] [Server thread/INFO]: ChinmayM_3600 lost connection: Wrong password!
[17:21:22] [Server thread/INFO]: ChinmayM_3600 left the game
[17:21:22] [Server thread/WARN]: handleDisconnection() called twice
[17:21:26] [User Authenticator #2/INFO]: UUID of player ChinmayM_3600 is d688be88-8641-3dbc-b5d9-b7c5d3992d11
[17:21:27] [Server thread/INFO]: ChinmayM_3600[/127.0.0.1:44848] logged in with entity id 386 at ([world]564.3142578306738, 68.0, 2879.5943309383915)
[17:21:33] [Craft Scheduler Thread - 23/INFO]: [AuthMe] ChinmayM_3600 logged in 127.0.0.1
[17:22:08] [Async Chat Thread - #1/INFO]: [Helper] Mintyy: yo chin
[17:22:11] [Server thread/INFO]: ChinmayM_3600 issued server command: //set stone_bricks
[17:22:13] [Async Chat Thread - #1/INFO]: [Owner] ChinmayM_3600: uo
[17:22:17] [Async Chat Thread - #1/INFO]: [Owner] ChinmayM_3600: *yo
[17:22:21] [Async Chat Thread - #1/INFO]: [Helper] Mintyy: am i a helper. builder admin or what?
[17:22:35] [Async Chat Thread - #1/INFO]: [Owner] ChinmayM_3600: helper
[17:22:38] [Async Chat Thread - #1/INFO]: [Helper] Mintyy: or owner..
[17:22:41] [Async Chat Thread - #1/INFO]: [Owner] ChinmayM_3600: no
[17:22:46] [Async Chat Thread - #1/INFO]: [Helper] Mintyy: can i please be admin atleast??
[17:22:46] [Async Chat Thread - #1/INFO]: [Owner] ChinmayM_3600: dont even
[17:22:50] [Async Chat Thread - #1/INFO]: [Owner] ChinmayM_3600: you are
[17:22:57] [Async Chat Thread - #1/INFO]: [Helper] Mintyy: yay ill be admin/helper
[17:22:59] [Async Chat Thread - #1/INFO]: [Owner] ChinmayM_3600: helper is basically admin
[17:23:02] [Async Chat Thread - #1/INFO]: [Helper] Mintyy: and main builder
[17:23:05] [Server thread/INFO]: ChinmayM_3600 issued server command: //set stone_bricks
[17:23:08] [Async Chat Thread - #1/INFO]: [Owner] ChinmayM_3600: yea
[17:23:16] [Async Chat Thread - #1/INFO]: [Helper] Mintyy: but i dont got the power to tp ppl and use creative
[17:23:20] [Async Chat Thread - #1/INFO]: [Helper] Mintyy: and to vanish
[17:23:23] [Async Chat Thread - #1/INFO]: [Helper] Mintyy: if im helper
[17:23:25] [Async Chat Thread - #1/INFO]: [Owner] ChinmayM_3600: ur building is fire
[17:23:27] [Async Chat Thread - #1/INFO]: [Owner] ChinmayM_3600: cap
[17:23:32] [Async Chat Thread - #1/INFO]: [Helper] Mintyy: BRUH
[17:23:34] [Async Chat Thread - #1/INFO]: [Helper] Mintyy: REALLY?
[17:23:41] [Async Chat Thread - #1/INFO]: [Owner] ChinmayM_3600: yea try it
[17:24:00] [Async Chat Thread - #1/INFO]: [Owner] ChinmayM_3600: try /vanish
[17:24:02] [Async Chat Thread - #1/INFO]: [Helper] Mintyy: im //cut away from removing the whole spawn
[17:24:12] [Async Chat Thread - #1/INFO]: [Helper] Mintyy: if u say im trash builder away
[17:24:16] [Async Chat Thread - #1/INFO]: [Helper] Mintyy: if u say im trash builder again*
[17:24:20] [Async Chat Thread - #1/INFO]: [Helper] Mintyy: say im a good builder
[17:24:24] [Async Chat Thread - #1/INFO]: [Owner] ChinmayM_3600: ???
[17:24:41] [Async Chat Thread - #1/INFO]: [Helper] Mintyy: u said "ur building is fire" and then "cap"
[17:24:42] [Async Chat Thread - #1/INFO]: [Owner] ChinmayM_3600: I said cap to you not having power you bozo
[17:24:46] [Async Chat Thread - #1/INFO]: [Helper] Mintyy: Ohhh
[17:24:47] [Async Chat Thread - #1/INFO]: [Helper] Mintyy: mb
[17:24:50] [Async Chat Thread - #1/INFO]: [Owner] ChinmayM_3600: STUBID
[17:24:52] [Async Chat Thread - #1/INFO]: [Helper] Mintyy: hehe
[17:24:58] [Async Chat Thread - #1/INFO]: [Owner] ChinmayM_3600: also look
[17:25:07] [Async Chat Thread - #1/INFO]: [Owner] ChinmayM_3600: LOK
[17:25:10] [Async Chat Thread - #1/INFO]: [Helper] Mintyy: ik
[17:25:11] [Async Chat Thread - #1/INFO]: [Owner] ChinmayM_3600: * LOOK
[17:25:14] [Server thread/INFO]: [Essentials] CONSOLE issued server command: /bc test
[17:25:15] [Async Chat Thread - #1/INFO]: [Helper] Mintyy: ./vanish
[17:25:18] [Server thread/INFO]: [Essentials] CONSOLE issued server command: /bc test
[17:25:19] [Server thread/INFO]: Mintyy issued server command: /vanish
[17:25:21] [Server thread/INFO]: [Essentials] CONSOLE issued server command: /bc test
[17:25:25] [Async Chat Thread - #1/INFO]: [Helper] Mintyy: alr
[17:25:27] [Server thread/INFO]: ChinmayM_3600 issued server command: /vanish
[17:25:32] [Server thread/INFO]: Mintyy issued server command: /vanish
[17:25:49] [Async Chat Thread - #1/INFO]: [Helper] Mintyy: i see ur armour doofus
[17:25:54] [Async Chat Thread - #1/INFO]: [Owner] ChinmayM_3600: fuck
[17:25:58] [Server thread/INFO]: ChinmayM_3600 issued server command: /vanish
[17:27:27] [Async Chat Thread - #2/INFO]: [Owner] ChinmayM_3600: imma add "hologram" test
[17:27:31] [Async Chat Thread - #2/INFO]: [Helper] Mintyy: alr so for me ill put
[17:27:31] [Async Chat Thread - #2/INFO]: [Owner] ChinmayM_3600: imma add "hologram" txst
[17:27:35] [Async Chat Thread - #2/INFO]: [Owner] ChinmayM_3600: *text
[17:27:42] [Async Chat Thread - #2/INFO]: [Helper] Mintyy: admin/Main Builder: Mintyy
[17:27:44] [Async Chat Thread - #2/INFO]: [Helper] Mintyy: on credits
[17:27:50] [Async Chat Thread - #2/INFO]: [Helper] Mintyy: alr?
[17:27:56] [Async Chat Thread - #2/INFO]: [Owner] ChinmayM_3600: yea sure go ahead
[17:28:15] [Async Chat Thread - #2/INFO]: [Helper] Mintyy: what else to add for credits
[17:28:21] [Async Chat Thread - #2/INFO]: [Helper] Mintyy: u write smth
[17:28:27] [Async Chat Thread - #2/INFO]: [Owner] ChinmayM_3600: java is also an owner
[17:28:36] [Async Chat Thread - #2/INFO]: [Helper] Mintyy: why is java owner n now me :(
[17:28:41] [Async Chat Thread - #2/INFO]: [Helper] Mintyy: not
[17:28:59] [Async Chat Thread - #2/INFO]: [Owner] ChinmayM_3600: they were the og (on this server)
[17:29:09] [Async Chat Thread - #2/INFO]: [Helper] Mintyy: oh alr
[17:29:12] [Async Chat Thread - #2/INFO]: [Owner] ChinmayM_3600: yea
[17:29:48] [Async Chat Thread - #2/INFO]: [Owner] ChinmayM_3600: lilteccaAOTY is also a helper
[17:29:50] [Async Chat Thread - #2/INFO]: [Helper] Mintyy: what else to add for credits
[17:29:53] [Async Chat Thread - #2/INFO]: [Helper] Mintyy: and who else?
[17:29:59] [Async Chat Thread - #2/INFO]: [Owner] ChinmayM_3600: thats it :(
[17:30:02] [Async Chat Thread - #2/INFO]: [Helper] Mintyy: alr
[17:30:09] [Async Chat Thread - #2/INFO]: [Owner] ChinmayM_3600: when are you doing that tiktok
[17:30:21] [Async Chat Thread - #2/INFO]: [Helper] Mintyy: once we are lke fully done
[17:30:25] [Async Chat Thread - #2/INFO]: [Owner] ChinmayM_3600: k bet
[17:30:26] [Async Chat Thread - #2/INFO]: [Helper] Mintyy: and ready to open
[17:30:32] [Async Chat Thread - #2/INFO]: [Helper] Mintyy: so maybe like in 3days
[17:31:03] [Async Chat Thread - #2/INFO]: [Helper] Mintyy: what else credits/
[17:31:10] [Async Chat Thread - #2/INFO]: [Owner] ChinmayM_3600: thats it
[17:32:14] [Async Chat Thread - #3/INFO]: [Owner] ChinmayM_3600: adding holograms and crates
[17:32:33] [Async Chat Thread - #3/INFO]: [Helper] Mintyy: alr
[17:34:31] [Async Chat Thread - #4/INFO]: [Owner] ChinmayM_3600: w
[17:34:44] [Async Chat Thread - #4/INFO]: [Helper] Mintyy: alr 1 last room left to make
[17:34:51] [Async Chat Thread - #4/INFO]: [Helper] Mintyy: what should this room be?
[17:35:04] [Async Chat Thread - #4/INFO]: [Owner] ChinmayM_3600: leaderboards
[17:35:09] [Async Chat Thread - #4/INFO]: [Helper] Mintyy: Alr
[17:35:17] [Async Chat Thread - #4/INFO]: [Helper] Mintyy: ik what ldrs we can make
[17:35:25] [Async Chat Thread - #4/INFO]: [Helper] Mintyy: 1- Most Kills
[17:35:26] [Async Chat Thread - #4/INFO]: [Owner] ChinmayM_3600: dw, everything will update auto
[17:35:29] [Async Chat Thread - #4/INFO]: [Helper] Mintyy: alr
[17:35:37] [Async Chat Thread - #4/INFO]: [Helper] Mintyy: i gtg for now
[17:35:41] [Async Chat Thread - #4/INFO]: [Helper] Mintyy: ill do that later or tmmrw
[17:35:43] [Async Chat Thread - #4/INFO]: [Helper] Mintyy: alr bye
[17:35:50] [Server thread/INFO]: Mintyy lost connection: Disconnected
[17:35:50] [Server thread/INFO]: Mintyy left the game
[17:40:00] [Server thread/INFO]: ChinmayM_3600 lost connection: Timed out
[17:40:00] [Server thread/INFO]: ChinmayM_3600 left the game
